TN:
SF:middleware\authMiddleware.js
FN:16,(anonymous_0)
FN:102,(anonymous_1)
FN:141,(anonymous_2)
FN:142,(anonymous_3)
FNF:4
FNH:0
FNDA:0,(anonymous_0)
FNDA:0,(anonymous_1)
FNDA:0,(anonymous_2)
FNDA:0,(anonymous_3)
DA:1,0
DA:2,0
DA:16,0
DA:17,0
DA:18,0
DA:21,0
DA:23,0
DA:24,0
DA:25,0
DA:32,0
DA:34,0
DA:35,0
DA:38,0
DA:42,0
DA:43,0
DA:51,0
DA:52,0
DA:60,0
DA:61,0
DA:63,0
DA:64,0
DA:67,0
DA:70,0
DA:71,0
DA:78,0
DA:79,0
DA:87,0
DA:102,0
DA:103,0
DA:104,0
DA:106,0
DA:108,0
DA:109,0
DA:113,0
DA:114,0
DA:118,0
DA:119,0
DA:120,0
DA:121,0
DA:123,0
DA:126,0
DA:130,0
DA:131,0
DA:132,0
DA:141,0
DA:142,0
DA:144,0
DA:145,0
DA:153,0
DA:154,0
DA:156,0
DA:165,0
DA:166,0
DA:176,0
DA:184,0
DA:186,0
LF:56
LH:0
BRDA:23,0,0,0
BRDA:23,0,1,0
BRDA:42,1,0,0
BRDA:42,1,1,0
BRDA:51,2,0,0
BRDA:51,2,1,0
BRDA:70,3,0,0
BRDA:70,3,1,0
BRDA:78,4,0,0
BRDA:78,4,1,0
BRDA:78,5,0,0
BRDA:78,5,1,0
BRDA:106,6,0,0
BRDA:106,6,1,0
BRDA:118,7,0,0
BRDA:118,7,1,0
BRDA:118,8,0,0
BRDA:118,8,1,0
BRDA:144,9,0,0
BRDA:144,9,1,0
BRDA:153,10,0,0
BRDA:153,10,1,0
BRF:22
BRH:0
end_of_record
TN:
SF:middleware\cors.js
FNF:0
FNH:0
DA:1,0
DA:4,0
LF:2
LH:0
BRF:0
BRH:0
end_of_record
TN:
SF:middleware\errorHandler.js
FN:3,(anonymous_0)
FNF:1
FNH:0
FNDA:0,(anonymous_0)
DA:3,0
DA:4,0
DA:5,0
LF:3
LH:0
BRDA:5,0,0,0
BRDA:5,0,1,0
BRF:2
BRH:0
end_of_record
TN:
SF:middleware\index.js
FNF:0
FNH:0
DA:2,0
LF:1
LH:0
BRF:0
BRH:0
end_of_record
TN:
SF:middleware\labInventoryErrorHandler.js
FN:4,(anonymous_0)
FN:14,(anonymous_1)
FN:36,(anonymous_2)
FN:60,(anonymous_3)
FN:60,(anonymous_4)
FN:65,(anonymous_5)
FN:74,(anonymous_6)
FNF:7
FNH:0
FNDA:0,(anonymous_0)
FNDA:0,(anonymous_1)
FNDA:0,(anonymous_2)
FNDA:0,(anonymous_3)
FNDA:0,(anonymous_4)
FNDA:0,(anonymous_5)
FNDA:0,(anonymous_6)
DA:5,0
DA:6,0
DA:7,0
DA:8,0
DA:9,0
DA:14,0
DA:15,0
DA:16,0
DA:19,0
DA:22,0
DA:23,0
DA:24,0
DA:28,0
DA:29,0
DA:30,0
DA:31,0
DA:35,0
DA:36,0
DA:37,0
DA:41,0
DA:42,0
DA:43,0
DA:46,0
DA:47,0
DA:48,0
DA:51,0
DA:60,0
DA:61,0
DA:65,0
DA:66,0
DA:74,0
DA:75,0
DA:82,0
LF:33
LH:0
BRDA:4,0,0,0
BRDA:4,1,0,0
BRDA:22,2,0,0
BRDA:22,2,1,0
BRDA:28,3,0,0
BRDA:28,3,1,0
BRDA:35,4,0,0
BRDA:35,4,1,0
BRDA:41,5,0,0
BRDA:41,5,1,0
BRDA:46,6,0,0
BRDA:46,6,1,0
BRDA:51,7,0,0
BRDA:51,7,1,0
BRDA:53,8,0,0
BRDA:53,8,1,0
BRDA:54,9,0,0
BRDA:54,9,1,0
BRDA:55,10,0,0
BRDA:55,10,1,0
BRDA:65,11,0,0
BRDA:65,12,0,0
BRDA:74,13,0,0
BRDA:74,14,0,0
BRF:24
BRH:0
end_of_record
TN:
SF:middleware\labInventoryValidation.js
FN:39,(anonymous_0)
FN:45,(anonymous_1)
FN:55,(anonymous_2)
FN:61,(anonymous_3)
FN:71,(anonymous_4)
FN:77,(anonymous_5)
FN:88,(anonymous_6)
FNF:7
FNH:0
FNDA:0,(anonymous_0)
FNDA:0,(anonymous_1)
FNDA:0,(anonymous_2)
FNDA:0,(anonymous_3)
FNDA:0,(anonymous_4)
FNDA:0,(anonymous_5)
FNDA:0,(anonymous_6)
DA:1,0
DA:4,0
DA:14,0
DA:24,0
DA:39,0
DA:40,0
DA:41,0
DA:42,0
DA:45,0
DA:51,0
DA:52,0
DA:55,0
DA:56,0
DA:57,0
DA:58,0
DA:61,0
DA:67,0
DA:68,0
DA:71,0
DA:72,0
DA:73,0
DA:74,0
DA:77,0
DA:83,0
DA:84,0
DA:88,0
DA:89,0
DA:90,0
DA:91,0
DA:96,0
DA:99,0
LF:31
LH:0
BRDA:41,0,0,0
BRDA:41,0,1,0
BRDA:57,1,0,0
BRDA:57,1,1,0
BRDA:73,2,0,0
BRDA:73,2,1,0
BRDA:90,3,0,0
BRDA:90,3,1,0
BRF:8
BRH:0
end_of_record
TN:
SF:middleware\logger.js
FNF:0
FNH:0
DA:1,0
DA:4,0
LF:2
LH:0
BRF:0
BRH:0
end_of_record
TN:
SF:middleware\medicineInventoryValidation.js
FN:47,(anonymous_0)
FN:53,(anonymous_1)
FN:63,(anonymous_2)
FN:69,(anonymous_3)
FN:79,(anonymous_4)
FN:85,(anonymous_5)
FN:96,(anonymous_6)
FNF:7
FNH:0
FNDA:0,(anonymous_0)
FNDA:0,(anonymous_1)
FNDA:0,(anonymous_2)
FNDA:0,(anonymous_3)
FNDA:0,(anonymous_4)
FNDA:0,(anonymous_5)
FNDA:0,(anonymous_6)
DA:1,0
DA:4,0
DA:17,0
DA:30,0
DA:47,0
DA:48,0
DA:49,0
DA:50,0
DA:53,0
DA:59,0
DA:60,0
DA:63,0
DA:64,0
DA:65,0
DA:66,0
DA:69,0
DA:75,0
DA:76,0
DA:79,0
DA:80,0
DA:81,0
DA:82,0
DA:85,0
DA:91,0
DA:92,0
DA:96,0
DA:97,0
DA:98,0
DA:99,0
DA:104,0
DA:107,0
LF:31
LH:0
BRDA:49,0,0,0
BRDA:49,0,1,0
BRDA:65,1,0,0
BRDA:65,1,1,0
BRDA:81,2,0,0
BRDA:81,2,1,0
BRDA:98,3,0,0
BRDA:98,3,1,0
BRF:8
BRH:0
end_of_record
TN:
SF:middleware\notFound.js
FN:2,(anonymous_0)
FNF:1
FNH:0
FNDA:0,(anonymous_0)
DA:2,0
DA:3,0
LF:2
LH:0
BRF:0
BRH:0
end_of_record
TN:
SF:middleware\parsers.js
FNF:0
FNH:0
DA:1,0
DA:2,0
DA:5,0
LF:3
LH:0
BRF:0
BRH:0
end_of_record
TN:
SF:middleware\queryProcessing.js
FN:10,(anonymous_0)
FN:11,(anonymous_1)
FN:15,(anonymous_2)
FN:31,(anonymous_3)
FN:32,(anonymous_4)
FN:47,(anonymous_5)
FN:48,(anonymous_6)
FN:66,(anonymous_7)
FN:78,(anonymous_8)
FN:86,(anonymous_9)
FNF:10
FNH:0
FNDA:0,(anonymous_0)
FNDA:0,(anonymous_1)
FNDA:0,(anonymous_2)
FNDA:0,(anonymous_3)
FNDA:0,(anonymous_4)
FNDA:0,(anonymous_5)
FNDA:0,(anonymous_6)
FNDA:0,(anonymous_7)
FNDA:0,(anonymous_8)
FNDA:0,(anonymous_9)
DA:10,0
DA:11,0
DA:12,0
DA:15,0
DA:16,0
DA:17,0
DA:21,0
DA:22,0
DA:31,0
DA:32,0
DA:33,0
DA:34,0
DA:35,0
DA:37,0
DA:38,0
DA:47,0
DA:48,0
DA:49,0
DA:52,0
DA:53,0
DA:56,0
DA:58,0
DA:59,0
DA:66,0
DA:67,0
DA:72,0
DA:78,0
DA:80,0
DA:81,0
DA:85,0
DA:86,0
DA:87,0
DA:92,0
DA:93,0
DA:97,0
DA:98,0
DA:101,0
DA:104,0
LF:38
LH:0
BRDA:10,0,0,0
BRDA:16,1,0,0
BRDA:16,1,1,0
BRDA:31,2,0,0
BRDA:31,3,0,0
BRDA:33,4,0,0
BRDA:33,4,1,0
BRDA:34,5,0,0
BRDA:34,5,1,0
BRDA:47,6,0,0
BRDA:47,7,0,0
BRDA:49,8,0,0
BRDA:49,8,1,0
BRDA:53,9,0,0
BRDA:53,9,1,0
BRDA:56,10,0,0
BRDA:56,10,1,0
BRDA:56,10,2,0
BRDA:58,11,0,0
BRDA:58,11,1,0
BRDA:80,12,0,0
BRDA:80,12,1,0
BRDA:85,13,0,0
BRDA:85,13,1,0
BRDA:92,14,0,0
BRDA:92,14,1,0
BRDA:97,15,0,0
BRDA:97,15,1,0
BRF:28
BRH:0
end_of_record
TN:
SF:middleware\resourceValidation.js
FN:16,(anonymous_0)
FN:17,(anonymous_1)
FN:53,(anonymous_2)
FN:54,(anonymous_3)
FN:100,(anonymous_4)
FN:101,(anonymous_5)
FN:112,(anonymous_6)
FN:113,(anonymous_7)
FN:140,(anonymous_8)
FN:141,(anonymous_9)
FNF:10
FNH:0
FNDA:0,(anonymous_0)
FNDA:0,(anonymous_1)
FNDA:0,(anonymous_2)
FNDA:0,(anonymous_3)
FNDA:0,(anonymous_4)
FNDA:0,(anonymous_5)
FNDA:0,(anonymous_6)
FNDA:0,(anonymous_7)
FNDA:0,(anonymous_8)
FNDA:0,(anonymous_9)
DA:6,0
DA:7,0
DA:8,0
DA:9,0
DA:16,0
DA:17,0
DA:18,0
DA:20,0
DA:21,0
DA:24,0
DA:25,0
DA:26,0
DA:27,0
DA:34,0
DA:35,0
DA:37,0
DA:38,0
DA:53,0
DA:54,0
DA:55,0
DA:57,0
DA:58,0
DA:61,0
DA:62,0
DA:63,0
DA:64,0
DA:71,0
DA:72,0
DA:73,0
DA:74,0
DA:82,0
DA:83,0
DA:85,0
DA:86,0
DA:100,0
DA:101,0
DA:102,0
DA:104,0
DA:105,0
DA:108,0
DA:109,0
DA:111,0
DA:112,0
DA:113,0
DA:115,0
DA:122,0
DA:123,0
DA:125,0
DA:126,0
DA:140,0
DA:141,0
DA:142,0
DA:144,0
DA:145,0
DA:148,0
DA:149,0
DA:150,0
DA:151,0
DA:158,0
DA:159,0
DA:161,0
DA:162,0
DA:171,0
LF:63
LH:0
BRDA:16,0,0,0
BRDA:16,1,0,0
BRDA:20,2,0,0
BRDA:20,2,1,0
BRDA:26,3,0,0
BRDA:26,3,1,0
BRDA:53,4,0,0
BRDA:53,5,0,0
BRDA:53,6,0,0
BRDA:57,7,0,0
BRDA:57,7,1,0
BRDA:63,8,0,0
BRDA:63,8,1,0
BRDA:71,9,0,0
BRDA:71,9,1,0
BRDA:73,10,0,0
BRDA:73,10,1,0
BRDA:100,11,0,0
BRDA:100,12,0,0
BRDA:104,13,0,0
BRDA:104,13,1,0
BRDA:104,14,0,0
BRDA:104,14,1,0
BRDA:104,14,2,0
BRDA:111,15,0,0
BRDA:111,15,1,0
BRDA:140,16,0,0
BRDA:140,17,0,0
BRDA:144,18,0,0
BRDA:144,18,1,0
BRDA:150,19,0,0
BRDA:150,19,1,0
BRF:32
BRH:0
end_of_record
TN:
SF:middleware\responseFormatting.js
FN:12,(anonymous_0)
FN:13,(anonymous_1)
FN:14,(anonymous_2)
FN:29,(anonymous_3)
FN:30,(anonymous_4)
FN:31,(anonymous_5)
FN:56,(anonymous_6)
FN:57,(anonymous_7)
FN:58,(anonymous_8)
FN:85,(anonymous_9)
FN:86,(anonymous_10)
FNF:11
FNH:0
FNDA:0,(anonymous_0)
FNDA:0,(anonymous_1)
FNDA:0,(anonymous_2)
FNDA:0,(anonymous_3)
FNDA:0,(anonymous_4)
FNDA:0,(anonymous_5)
FNDA:0,(anonymous_6)
FNDA:0,(anonymous_7)
FNDA:0,(anonymous_8)
FNDA:0,(anonymous_9)
FNDA:0,(anonymous_10)
DA:12,0
DA:13,0
DA:14,0
DA:15,0
DA:22,0
DA:29,0
DA:30,0
DA:31,0
DA:32,0
DA:39,0
DA:40,0
DA:43,0
DA:44,0
DA:47,0
DA:49,0
DA:56,0
DA:57,0
DA:58,0
DA:59,0
DA:60,0
DA:62,0
DA:77,0
DA:85,0
DA:86,0
DA:87,0
DA:91,0
LF:26
LH:0
BRDA:12,0,0,0
BRDA:12,1,0,0
BRDA:14,2,0,0
BRDA:14,3,0,0
BRDA:14,4,0,0
BRDA:31,5,0,0
BRDA:31,6,0,0
BRDA:31,7,0,0
BRDA:39,8,0,0
BRDA:39,8,1,0
BRDA:43,9,0,0
BRDA:43,9,1,0
BRDA:43,10,0,0
BRDA:43,10,1,0
BRDA:58,11,0,0
BRDA:59,12,0,0
BRDA:59,12,1,0
BRF:17
BRH:0
end_of_record
TN:
SF:middleware\validation copy.js
FN:12,buildError
FN:14,sanitizeText
FN:19,containsHtml
FN:21,validatePatient
FN:66,(anonymous_4)
FN:87,validatePrescription
FN:136,(anonymous_6)
FNF:7
FNH:0
FNDA:0,buildError
FNDA:0,sanitizeText
FNDA:0,containsHtml
FNDA:0,validatePatient
FNDA:0,(anonymous_4)
FNDA:0,validatePrescription
FNDA:0,(anonymous_6)
DA:4,0
DA:5,0
DA:6,0
DA:7,0
DA:8,0
DA:9,0
DA:10,0
DA:12,0
DA:15,0
DA:16,0
DA:19,0
DA:22,0
DA:24,0
DA:25,0
DA:27,0
DA:28,0
DA:30,0
DA:31,0
DA:34,0
DA:35,0
DA:36,0
DA:38,0
DA:39,0
DA:41,0
DA:42,0
DA:43,0
DA:46,0
DA:47,0
DA:48,0
DA:50,0
DA:53,0
DA:54,0
DA:55,0
DA:57,0
DA:58,0
DA:60,0
DA:61,0
DA:62,0
DA:65,0
DA:66,0
DA:67,0
DA:68,0
DA:69,0
DA:70,0
DA:71,0
DA:75,0
DA:76,0
DA:78,0
DA:79,0
DA:80,0
DA:81,0
DA:83,0
DA:84,0
DA:88,0
DA:89,0
DA:91,0
DA:92,0
DA:94,0
DA:95,0
DA:98,0
DA:99,0
DA:100,0
DA:102,0
DA:103,0
DA:104,0
DA:106,0
DA:107,0
DA:108,0
DA:109,0
DA:111,0
DA:112,0
DA:113,0
DA:114,0
DA:115,0
DA:117,0
DA:118,0
DA:119,0
DA:120,0
DA:121,0
DA:125,0
DA:126,0
DA:127,0
DA:131,0
DA:132,0
DA:134,0
DA:135,0
DA:136,0
DA:137,0
DA:138,0
DA:140,0
DA:141,0
DA:142,0
DA:143,0
DA:145,0
DA:146,0
DA:147,0
DA:149,0
DA:150,0
DA:151,0
DA:154,0
DA:155,0
DA:157,0
DA:158,0
DA:160,0
DA:161,0
DA:165,0
DA:166,0
DA:169,0
LF:108
LH:0
BRDA:15,0,0,0
BRDA:15,0,1,0
BRDA:19,1,0,0
BRDA:19,1,1,0
BRDA:22,2,0,0
BRDA:22,2,1,0
BRDA:27,3,0,0
BRDA:27,3,1,0
BRDA:28,4,0,0
BRDA:28,4,1,0
BRDA:30,5,0,0
BRDA:30,5,1,0
BRDA:30,6,0,0
BRDA:30,6,1,0
BRDA:31,7,0,0
BRDA:31,7,1,0
BRDA:34,8,0,0
BRDA:34,8,1,0
BRDA:35,9,0,0
BRDA:35,9,1,0
BRDA:36,10,0,0
BRDA:36,10,1,0
BRDA:39,11,0,0
BRDA:39,11,1,0
BRDA:42,12,0,0
BRDA:42,12,1,0
BRDA:43,13,0,0
BRDA:43,13,1,0
BRDA:43,14,0,0
BRDA:43,14,1,0
BRDA:47,15,0,0
BRDA:47,15,1,0
BRDA:48,16,0,0
BRDA:48,16,1,0
BRDA:53,17,0,0
BRDA:53,17,1,0
BRDA:54,18,0,0
BRDA:54,18,1,0
BRDA:55,19,0,0
BRDA:55,19,1,0
BRDA:55,20,0,0
BRDA:55,20,1,0
BRDA:57,21,0,0
BRDA:57,21,1,0
BRDA:58,22,0,0
BRDA:58,22,1,0
BRDA:60,23,0,0
BRDA:60,23,1,0
BRDA:62,24,0,0
BRDA:62,24,1,0
BRDA:62,25,0,0
BRDA:62,25,1,0
BRDA:67,26,0,0
BRDA:67,26,1,0
BRDA:67,27,0,0
BRDA:67,27,1,0
BRDA:69,28,0,0
BRDA:69,28,1,0
BRDA:70,29,0,0
BRDA:70,29,1,0
BRDA:76,30,0,0
BRDA:76,30,1,0
BRDA:76,31,0,0
BRDA:76,31,1,0
BRDA:79,32,0,0
BRDA:79,32,1,0
BRDA:79,33,0,0
BRDA:79,33,1,0
BRDA:81,34,0,0
BRDA:81,34,1,0
BRDA:81,35,0,0
BRDA:81,35,1,0
BRDA:83,36,0,0
BRDA:83,36,1,0
BRDA:91,37,0,0
BRDA:91,37,1,0
BRDA:92,38,0,0
BRDA:92,38,1,0
BRDA:94,39,0,0
BRDA:94,39,1,0
BRDA:94,40,0,0
BRDA:94,40,1,0
BRDA:95,41,0,0
BRDA:95,41,1,0
BRDA:98,42,0,0
BRDA:98,42,1,0
BRDA:99,43,0,0
BRDA:99,43,1,0
BRDA:100,44,0,0
BRDA:100,44,1,0
BRDA:102,45,0,0
BRDA:102,45,1,0
BRDA:103,46,0,0
BRDA:103,46,1,0
BRDA:104,47,0,0
BRDA:104,47,1,0
BRDA:106,48,0,0
BRDA:106,48,1,0
BRDA:107,49,0,0
BRDA:107,49,1,0
BRDA:108,50,0,0
BRDA:108,50,1,0
BRDA:108,51,0,0
BRDA:108,51,1,0
BRDA:109,52,0,0
BRDA:109,52,1,0
BRDA:111,53,0,0
BRDA:111,53,1,0
BRDA:113,54,0,0
BRDA:113,54,1,0
BRDA:114,55,0,0
BRDA:114,55,1,0
BRDA:117,56,0,0
BRDA:117,56,1,0
BRDA:119,57,0,0
BRDA:119,57,1,0
BRDA:120,58,0,0
BRDA:120,58,1,0
BRDA:125,59,0,0
BRDA:125,59,1,0
BRDA:127,60,0,0
BRDA:127,60,1,0
BRDA:131,61,0,0
BRDA:131,61,1,0
BRDA:131,62,0,0
BRDA:131,62,1,0
BRDA:134,63,0,0
BRDA:134,63,1,0
BRDA:137,64,0,0
BRDA:137,64,1,0
BRDA:137,65,0,0
BRDA:137,65,1,0
BRDA:140,66,0,0
BRDA:140,66,1,0
BRDA:141,67,0,0
BRDA:141,67,1,0
BRDA:142,68,0,0
BRDA:142,68,1,0
BRDA:143,69,0,0
BRDA:143,69,1,0
BRDA:145,70,0,0
BRDA:145,70,1,0
BRDA:146,71,0,0
BRDA:146,71,1,0
BRDA:147,72,0,0
BRDA:147,72,1,0
BRDA:150,73,0,0
BRDA:150,73,1,0
BRDA:154,74,0,0
BRDA:154,74,1,0
BRDA:155,75,0,0
BRDA:155,75,1,0
BRDA:157,76,0,0
BRDA:157,76,1,0
BRDA:158,77,0,0
BRDA:158,77,1,0
BRDA:160,78,0,0
BRDA:160,78,1,0
BRDA:161,79,0,0
BRDA:161,79,1,0
BRDA:165,80,0,0
BRDA:165,80,1,0
BRF:162
BRH:0
end_of_record
TN:
SF:middleware\validation.js
FN:13,(anonymous_0)
FN:14,(anonymous_1)
FN:33,(anonymous_2)
FN:34,(anonymous_3)
FN:38,(anonymous_4)
FN:57,(anonymous_5)
FN:58,(anonymous_6)
FN:68,(anonymous_7)
FN:265,(anonymous_8)
FN:269,(anonymous_9)
FN:273,(anonymous_10)
FN:462,(anonymous_11)
FN:466,(anonymous_12)
FN:470,(anonymous_13)
FN:474,(anonymous_14)
FN:478,(anonymous_15)
FNF:16
FNH:0
FNDA:0,(anonymous_0)
FNDA:0,(anonymous_1)
FNDA:0,(anonymous_2)
FNDA:0,(anonymous_3)
FNDA:0,(anonymous_4)
FNDA:0,(anonymous_5)
FNDA:0,(anonymous_6)
FNDA:0,(anonymous_7)
FNDA:0,(anonymous_8)
FNDA:0,(anonymous_9)
FNDA:0,(anonymous_10)
FNDA:0,(anonymous_11)
FNDA:0,(anonymous_12)
FNDA:0,(anonymous_13)
FNDA:0,(anonymous_14)
FNDA:0,(anonymous_15)
DA:1,0
DA:2,0
DA:13,0
DA:14,0
DA:15,0
DA:17,0
DA:18,0
DA:25,0
DA:33,0
DA:34,0
DA:35,0
DA:37,0
DA:38,0
DA:39,0
DA:40,0
DA:48,0
DA:57,0
DA:58,0
DA:59,0
DA:64,0
DA:65,0
DA:68,0
DA:74,0
DA:75,0
DA:82,0
DA:138,0
DA:182,0
DA:265,0
DA:266,0
DA:269,0
DA:270,0
DA:273,0
DA:274,0
DA:280,0
DA:462,0
DA:463,0
DA:466,0
DA:467,0
DA:470,0
DA:471,0
DA:474,0
DA:475,0
DA:478,0
DA:479,0
DA:482,0
LF:45
LH:0
BRDA:13,0,0,0
BRDA:17,1,0,0
BRDA:17,1,1,0
BRDA:37,2,0,0
BRDA:37,2,1,0
BRDA:37,3,0,0
BRDA:37,3,1,0
BRDA:39,4,0,0
BRDA:39,4,1,0
BRDA:57,5,0,0
BRDA:64,6,0,0
BRDA:64,6,1,0
BRF:12
BRH:0
end_of_record
TN:
SF:modules\auth\controllers\AuthController.js
FN:19,(anonymous_0)
FN:143,(anonymous_1)
FN:175,(anonymous_2)
FN:253,(anonymous_3)
FN:307,(anonymous_4)
FN:308,(anonymous_5)
FN:423,(anonymous_6)
FN:475,(anonymous_7)
FN:476,(anonymous_8)
FN:573,(anonymous_9)
FNF:10
FNH:0
FNDA:0,(anonymous_0)
FNDA:0,(anonymous_1)
FNDA:0,(anonymous_2)
FNDA:0,(anonymous_3)
FNDA:0,(anonymous_4)
FNDA:0,(anonymous_5)
FNDA:0,(anonymous_6)
FNDA:0,(anonymous_7)
FNDA:0,(anonymous_8)
FNDA:0,(anonymous_9)
DA:1,0
DA:2,0
DA:3,0
DA:4,0
DA:19,0
DA:20,0
DA:21,0
DA:24,0
DA:25,0
DA:32,0
DA:35,0
DA:39,0
DA:40,0
DA:41,0
DA:49,0
DA:50,0
DA:51,0
DA:60,0
DA:61,0
DA:62,0
DA:70,0
DA:71,0
DA:72,0
DA:80,0
DA:82,0
DA:83,0
DA:86,0
DA:88,0
DA:96,0
DA:99,0
DA:100,0
DA:101,0
DA:104,0
DA:114,0
DA:116,0
DA:128,0
DA:129,0
DA:143,0
DA:144,0
DA:145,0
DA:148,0
DA:152,0
DA:154,0
DA:160,0
DA:161,0
DA:175,0
DA:176,0
DA:177,0
DA:179,0
DA:180,0
DA:188,0
DA:191,0
DA:193,0
DA:194,0
DA:201,0
DA:202,0
DA:210,0
DA:213,0
DA:214,0
DA:216,0
DA:218,0
DA:229,0
DA:231,0
DA:232,0
DA:239,0
DA:253,0
DA:254,0
DA:266,0
DA:269,0
DA:270,0
DA:278,0
DA:281,0
DA:282,0
DA:283,0
DA:292,0
DA:296,0
DA:297,0
DA:305,0
DA:306,0
DA:307,0
DA:308,0
DA:309,0
DA:310,0
DA:313,0
DA:314,0
DA:316,0
DA:317,0
DA:318,0
DA:321,0
DA:322,0
DA:323,0
DA:332,0
DA:348,0
DA:350,0
DA:351,0
DA:359,0
DA:374,0
DA:376,0
DA:385,0
DA:386,0
DA:387,0
DA:391,0
DA:392,0
DA:393,0
DA:396,0
DA:399,0
DA:401,0
DA:402,0
DA:409,0
DA:423,0
DA:424,0
DA:435,0
DA:438,0
DA:439,0
DA:447,0
DA:450,0
DA:451,0
DA:452,0
DA:460,0
DA:464,0
DA:465,0
DA:473,0
DA:474,0
DA:475,0
DA:476,0
DA:477,0
DA:478,0
DA:481,0
DA:497,0
DA:499,0
DA:500,0
DA:508,0
DA:509,0
DA:510,0
DA:513,0
DA:528,0
DA:530,0
DA:542,0
DA:543,0
DA:546,0
DA:549,0
DA:551,0
DA:552,0
DA:559,0
DA:573,0
DA:574,0
DA:576,0
DA:594,0
DA:600,0
DA:601,0
DA:609,0
LF:151
LH:0
BRDA:24,0,0,0
BRDA:24,0,1,0
BRDA:24,1,0,0
BRDA:24,1,1,0
BRDA:39,2,0,0
BRDA:39,2,1,0
BRDA:49,3,0,0
BRDA:49,3,1,0
BRDA:60,4,0,0
BRDA:60,4,1,0
BRDA:70,5,0,0
BRDA:70,5,1,0
BRDA:82,6,0,0
BRDA:82,6,1,0
BRDA:179,7,0,0
BRDA:179,7,1,0
BRDA:193,8,0,0
BRDA:193,8,1,0
BRDA:193,9,0,0
BRDA:193,9,1,0
BRDA:201,10,0,0
BRDA:201,10,1,0
BRDA:231,11,0,0
BRDA:231,11,1,0
BRDA:269,12,0,0
BRDA:269,12,1,0
BRDA:269,13,0,0
BRDA:269,13,1,0
BRDA:269,13,2,0
BRDA:269,13,3,0
BRDA:282,14,0,0
BRDA:282,14,1,0
BRDA:296,15,0,0
BRDA:296,15,1,0
BRDA:309,16,0,0
BRDA:309,16,1,0
BRDA:316,17,0,0
BRDA:316,17,1,0
BRDA:322,18,0,0
BRDA:322,18,1,0
BRDA:341,19,0,0
BRDA:341,19,1,0
BRDA:350,20,0,0
BRDA:350,20,1,0
BRDA:385,21,0,0
BRDA:385,21,1,0
BRDA:391,22,0,0
BRDA:391,22,1,0
BRDA:401,23,0,0
BRDA:401,23,1,0
BRDA:438,24,0,0
BRDA:438,24,1,0
BRDA:438,25,0,0
BRDA:438,25,1,0
BRDA:438,25,2,0
BRDA:438,25,3,0
BRDA:451,26,0,0
BRDA:451,26,1,0
BRDA:464,27,0,0
BRDA:464,27,1,0
BRDA:477,28,0,0
BRDA:477,28,1,0
BRDA:491,29,0,0
BRDA:491,29,1,0
BRDA:499,30,0,0
BRDA:499,30,1,0
BRDA:542,31,0,0
BRDA:542,31,1,0
BRDA:551,32,0,0
BRDA:551,32,1,0
BRF:70
BRH:0
end_of_record
TN:
SF:modules\auth\controllers\DebugAuthController.js
FN:6,(anonymous_0)
FNF:1
FNH:0
FNDA:0,(anonymous_0)
DA:6,0
DA:7,0
DA:8,0
DA:10,0
DA:12,0
DA:13,0
DA:14,0
DA:20,0
DA:23,0
DA:24,0
DA:27,0
DA:28,0
DA:29,0
DA:31,0
DA:32,0
DA:39,0
DA:52,0
DA:53,0
DA:55,0
DA:63,0
LF:20
LH:0
BRDA:12,0,0,0
BRDA:12,0,1,0
BRDA:12,1,0,0
BRDA:12,1,1,0
BRDA:31,2,0,0
BRDA:31,2,1,0
BRF:6
BRH:0
end_of_record
TN:
SF:modules\auth\controllers\WorkingAuthController.js
FN:13,(anonymous_0)
FN:143,(anonymous_1)
FN:234,(anonymous_2)
FNF:3
FNH:0
FNDA:0,(anonymous_0)
FNDA:0,(anonymous_1)
FNDA:0,(anonymous_2)
DA:5,0
DA:6,0
DA:7,0
DA:8,0
DA:13,0
DA:14,0
DA:15,0
DA:17,0
DA:20,0
DA:21,0
DA:29,0
DA:30,0
DA:32,0
DA:33,0
DA:41,0
DA:42,0
DA:45,0
DA:46,0
DA:47,0
DA:56,0
DA:59,0
DA:60,0
DA:61,0
DA:69,0
DA:70,0
DA:72,0
DA:74,0
DA:75,0
DA:77,0
DA:85,0
DA:86,0
DA:87,0
DA:90,0
DA:91,0
DA:94,0
DA:95,0
DA:96,0
DA:103,0
DA:105,0
DA:106,0
DA:107,0
DA:108,0
DA:111,0
DA:114,0
DA:131,0
DA:132,0
DA:143,0
DA:144,0
DA:145,0
DA:147,0
DA:150,0
DA:151,0
DA:160,0
DA:161,0
DA:163,0
DA:164,0
DA:172,0
DA:173,0
DA:174,0
DA:182,0
DA:185,0
DA:186,0
DA:194,0
DA:204,0
DA:210,0
DA:212,0
DA:222,0
DA:223,0
DA:234,0
DA:235,0
DA:238,0
DA:243,0
DA:244,0
DA:251,0
LF:74
LH:0
BRDA:20,0,0,0
BRDA:20,0,1,0
BRDA:20,1,0,0
BRDA:20,1,1,0
BRDA:32,2,0,0
BRDA:32,2,1,0
BRDA:45,3,0,0
BRDA:45,3,1,0
BRDA:56,4,0,0
BRDA:56,4,1,0
BRDA:56,4,2,0
BRDA:56,4,3,0
BRDA:56,4,4,0
BRDA:59,5,0,0
BRDA:59,5,1,0
BRDA:72,6,0,0
BRDA:72,6,1,0
BRDA:150,7,0,0
BRDA:150,7,1,0
BRDA:161,8,0,0
BRDA:161,8,1,0
BRDA:173,9,0,0
BRDA:173,9,1,0
BRDA:182,10,0,0
BRDA:182,10,1,0
BRDA:182,10,2,0
BRDA:182,10,3,0
BRDA:182,10,4,0
BRDA:185,11,0,0
BRDA:185,11,1,0
BRDA:200,12,0,0
BRDA:200,12,1,0
BRDA:206,13,0,0
BRDA:206,13,1,0
BRF:34
BRH:0
end_of_record
TN:
SF:modules\auth\models\LoginEvent.js
FNF:0
FNH:0
DA:1,1
DA:3,1
DA:11,1
DA:13,1
DA:14,1
LF:5
LH:5
BRDA:13,0,0,1
BRDA:13,0,1,1
BRF:2
BRH:2
end_of_record
TN:
SF:modules\auth\routes\authRoutes.js
FN:27,(anonymous_0)
FN:49,(anonymous_1)
FN:113,(anonymous_2)
FN:126,(anonymous_3)
FN:139,(anonymous_4)
FN:153,(anonymous_5)
FNF:6
FNH:0
FNDA:0,(anonymous_0)
FNDA:0,(anonymous_1)
FNDA:0,(anonymous_2)
FNDA:0,(anonymous_3)
FNDA:0,(anonymous_4)
FNDA:0,(anonymous_5)
DA:1,0
DA:2,0
DA:3,0
DA:4,0
DA:5,0
DA:14,0
DA:17,0
DA:29,0
DA:30,0
DA:34,0
DA:48,0
DA:50,0
DA:51,0
DA:52,0
DA:63,0
DA:72,0
DA:82,0
DA:94,0
DA:104,0
DA:113,0
DA:114,0
DA:126,0
DA:127,0
DA:128,0
DA:139,0
DA:140,0
DA:141,0
DA:153,0
DA:154,0
DA:155,0
DA:163,0
LF:31
LH:0
BRDA:29,0,0,0
BRDA:29,0,1,0
BRDA:30,1,0,0
BRDA:30,1,1,0
BRDA:30,1,2,0
BRF:5
BRH:0
end_of_record
TN:
SF:modules\auth\routes\debugAuthRoutes.js
FN:10,(anonymous_0)
FN:17,(anonymous_1)
FNF:2
FNH:0
FNDA:0,(anonymous_0)
FNDA:0,(anonymous_1)
DA:4,0
DA:5,0
DA:7,0
DA:10,0
DA:11,0
DA:12,0
DA:13,0
DA:17,0
DA:18,0
DA:21,0
LF:10
LH:0
BRF:0
BRH:0
end_of_record
TN:
SF:modules\auth\routes\workingAuthRoutes.js
FN:10,(anonymous_0)
FN:44,(anonymous_1)
FN:58,(anonymous_2)
FN:67,(anonymous_3)
FNF:4
FNH:0
FNDA:0,(anonymous_0)
FNDA:0,(anonymous_1)
FNDA:0,(anonymous_2)
FNDA:0,(anonymous_3)
DA:4,0
DA:5,0
DA:7,0
DA:10,0
DA:11,0
DA:13,0
DA:14,0
DA:21,0
DA:22,0
DA:30,0
DA:31,0
DA:32,0
DA:39,0
DA:43,0
DA:45,0
DA:46,0
DA:47,0
DA:54,0
DA:57,0
DA:59,0
DA:60,0
DA:61,0
DA:67,0
DA:68,0
DA:74,0
LF:25
LH:0
BRDA:13,0,0,0
BRDA:13,0,1,0
BRDA:21,1,0,0
BRDA:21,1,1,0
BRDA:31,2,0,0
BRDA:31,2,1,0
BRF:6
BRH:0
end_of_record
TN:
SF:modules\clinical-workflow\controllers\AvailabilityController.js
FN:10,(anonymous_0)
FN:21,(anonymous_1)
FN:53,(anonymous_2)
FN:57,(anonymous_3)
FN:72,(anonymous_4)
FN:84,(anonymous_5)
FN:87,(anonymous_6)
FNF:7
FNH:0
FNDA:0,(anonymous_0)
FNDA:0,(anonymous_1)
FNDA:0,(anonymous_2)
FNDA:0,(anonymous_3)
FNDA:0,(anonymous_4)
FNDA:0,(anonymous_5)
FNDA:0,(anonymous_6)
DA:1,0
DA:2,0
DA:10,0
DA:11,0
DA:12,0
DA:13,0
DA:15,0
DA:21,0
DA:22,0
DA:23,0
DA:25,0
DA:26,0
DA:29,0
DA:30,0
DA:31,0
DA:34,0
DA:43,0
DA:44,0
DA:46,0
DA:47,0
DA:53,0
DA:54,0
DA:55,0
DA:56,0
DA:57,0
DA:58,0
DA:63,0
DA:64,0
DA:66,0
DA:72,0
DA:73,0
DA:74,0
DA:75,0
DA:76,0
DA:78,0
DA:84,0
DA:85,0
DA:86,0
DA:87,0
DA:89,0
LF:40
LH:0
BRDA:25,0,0,0
BRDA:25,0,1,0
BRDA:25,1,0,0
BRDA:25,1,1,0
BRDA:25,1,2,0
BRDA:25,1,3,0
BRDA:30,2,0,0
BRDA:30,2,1,0
BRDA:40,3,0,0
BRDA:40,3,1,0
BRDA:57,4,0,0
BRDA:57,4,1,0
BRDA:63,5,0,0
BRDA:63,5,1,0
BRDA:75,6,0,0
BRDA:75,6,1,0
BRF:16
BRH:0
end_of_record
TN:
SF:modules\clinical-workflow\models\Activity.js
FNF:0
FNH:0
DA:1,0
DA:3,0
DA:29,0
LF:3
LH:0
BRF:0
BRH:0
end_of_record
TN:
SF:modules\clinical-workflow\models\Appointment.js
FNF:0
FNH:0
DA:1,0
DA:3,0
DA:47,0
LF:3
LH:0
BRF:0
BRH:0
end_of_record
TN:
SF:modules\clinical-workflow\models\Availability.js
FNF:0
FNH:0
DA:1,0
DA:4,0
DA:28,0
DA:30,0
LF:4
LH:0
BRF:0
BRH:0
end_of_record
TN:
SF:modules\clinical-workflow\models\Medical_Records.js
FN:53,(anonymous_0)
FN:54,(anonymous_1)
FN:64,(anonymous_2)
FNF:3
FNH:0
FNDA:0,(anonymous_0)
FNDA:0,(anonymous_1)
FNDA:0,(anonymous_2)
DA:1,0
DA:3,0
DA:5,0
DA:53,0
DA:54,0
DA:64,0
DA:65,0
DA:66,0
DA:67,0
DA:68,0
DA:70,0
DA:73,0
DA:74,0
LF:13
LH:0
BRDA:53,0,0,0
BRDA:53,0,1,0
BRDA:65,1,0,0
BRDA:65,1,1,0
BRDA:65,2,0,0
BRDA:65,2,1,0
BRDA:67,3,0,0
BRDA:67,3,1,0
BRF:8
BRH:0
end_of_record
TN:
SF:modules\clinical-workflow\models\Prescription.js
FNF:0
FNH:0
DA:1,0
DA:3,0
DA:5,0
DA:50,0
DA:52,0
LF:5
LH:0
BRF:0
BRH:0
end_of_record
TN:
SF:modules\clinical-workflow\models\Task.js
FNF:0
FNH:0
DA:1,0
DA:3,0
DA:44,0
LF:3
LH:0
BRF:0
BRH:0
end_of_record
TN:
SF:modules\clinical-workflow\routes\AvailabilityRoutes.js
FNF:0
FNH:0
DA:1,0
DA:8,0
DA:10,0
DA:12,0
DA:13,0
DA:14,0
DA:15,0
DA:16,0
DA:18,0
LF:9
LH:0
BRF:0
BRH:0
end_of_record
TN:
SF:modules\clinical-workflow\routes\Medical_Records.js
FN:15,(anonymous_0)
FN:42,(anonymous_1)
FN:45,(anonymous_2)
FN:60,(anonymous_3)
FN:81,(anonymous_4)
FN:110,(anonymous_5)
FN:128,(anonymous_6)
FN:169,(anonymous_7)
FN:172,(anonymous_8)
FN:181,(anonymous_9)
FN:183,(anonymous_10)
FN:185,(anonymous_11)
FN:195,(anonymous_12)
FN:198,(anonymous_13)
FN:201,(anonymous_14)
FN:209,(anonymous_15)
FN:249,(anonymous_16)
FN:252,(anonymous_17)
FN:261,(anonymous_18)
FN:265,(anonymous_19)
FN:268,(anonymous_20)
FN:279,(anonymous_21)
FN:302,(anonymous_22)
FN:335,(anonymous_23)
FN:341,(anonymous_24)
FN:350,(anonymous_25)
FNF:26
FNH:0
FNDA:0,(anonymous_0)
FNDA:0,(anonymous_1)
FNDA:0,(anonymous_2)
FNDA:0,(anonymous_3)
FNDA:0,(anonymous_4)
FNDA:0,(anonymous_5)
FNDA:0,(anonymous_6)
FNDA:0,(anonymous_7)
FNDA:0,(anonymous_8)
FNDA:0,(anonymous_9)
FNDA:0,(anonymous_10)
FNDA:0,(anonymous_11)
FNDA:0,(anonymous_12)
FNDA:0,(anonymous_13)
FNDA:0,(anonymous_14)
FNDA:0,(anonymous_15)
FNDA:0,(anonymous_16)
FNDA:0,(anonymous_17)
FNDA:0,(anonymous_18)
FNDA:0,(anonymous_19)
FNDA:0,(anonymous_20)
FNDA:0,(anonymous_21)
FNDA:0,(anonymous_22)
FNDA:0,(anonymous_23)
FNDA:0,(anonymous_24)
FNDA:0,(anonymous_25)
DA:1,0
DA:2,0
DA:3,0
DA:4,0
DA:5,0
DA:8,0
DA:9,0
DA:10,0
DA:15,0
DA:16,0
DA:17,0
DA:18,0
DA:19,0
DA:21,0
DA:22,0
DA:23,0
DA:25,0
DA:27,0
DA:28,0
DA:34,0
DA:35,0
DA:37,0
DA:42,0
DA:43,0
DA:44,0
DA:45,0
DA:55,0
DA:60,0
DA:61,0
DA:62,0
DA:63,0
DA:64,0
DA:66,0
DA:76,0
DA:81,0
DA:82,0
DA:83,0
DA:84,0
DA:85,0
DA:87,0
DA:92,0
DA:93,0
DA:95,0
DA:102,0
DA:103,0
DA:105,0
DA:110,0
DA:111,0
DA:112,0
DA:113,0
DA:114,0
DA:116,0
DA:117,0
DA:118,0
DA:119,0
DA:120,0
DA:122,0
DA:128,0
DA:132,0
DA:133,0
DA:134,0
DA:135,0
DA:136,0
DA:137,0
DA:138,0
DA:139,0
DA:140,0
DA:141,0
DA:142,0
DA:143,0
DA:144,0
DA:146,0
DA:147,0
DA:149,0
DA:152,0
DA:168,0
DA:170,0
DA:173,0
DA:174,0
DA:181,0
DA:183,0
DA:184,0
DA:186,0
DA:187,0
DA:195,0
DA:197,0
DA:199,0
DA:202,0
DA:203,0
DA:209,0
DA:210,0
DA:226,0
DA:228,0
DA:244,0
DA:245,0
DA:248,0
DA:250,0
DA:253,0
DA:254,0
DA:261,0
DA:263,0
DA:265,0
DA:266,0
DA:269,0
DA:270,0
DA:276,0
DA:279,0
DA:280,0
DA:281,0
DA:282,0
DA:284,0
DA:286,0
DA:287,0
DA:289,0
DA:290,0
DA:292,0
DA:293,0
DA:294,0
DA:296,0
DA:297,0
DA:302,0
DA:303,0
DA:304,0
DA:305,0
DA:306,0
DA:307,0
DA:308,0
DA:311,0
DA:312,0
DA:313,0
DA:314,0
DA:316,0
DA:317,0
DA:318,0
DA:319,0
DA:321,0
DA:322,0
DA:323,0
DA:335,0
DA:336,0
DA:338,0
DA:339,0
DA:341,0
DA:342,0
DA:343,0
DA:344,0
DA:345,0
DA:346,0
DA:347,0
DA:348,0
DA:349,0
DA:350,0
DA:351,0
DA:352,0
DA:355,0
DA:356,0
DA:359,0
DA:361,0
DA:362,0
DA:363,0
LF:160
LH:0
BRDA:18,0,0,0
BRDA:18,0,1,0
BRDA:22,1,0,0
BRDA:22,1,1,0
BRDA:34,2,0,0
BRDA:34,2,1,0
BRDA:63,3,0,0
BRDA:63,3,1,0
BRDA:63,4,0,0
BRDA:63,4,1,0
BRDA:84,5,0,0
BRDA:84,5,1,0
BRDA:92,6,0,0
BRDA:92,6,1,0
BRDA:102,7,0,0
BRDA:102,7,1,0
BRDA:113,8,0,0
BRDA:113,8,1,0
BRDA:113,9,0,0
BRDA:113,9,1,0
BRDA:132,10,0,0
BRDA:132,10,1,0
BRDA:147,11,0,0
BRDA:147,11,1,0
BRDA:244,12,0,0
BRDA:244,12,1,0
BRDA:282,13,0,0
BRDA:282,13,1,0
BRDA:287,14,0,0
BRDA:287,14,1,0
BRDA:292,15,0,0
BRDA:292,15,1,0
BRDA:305,16,0,0
BRDA:305,16,1,0
BRDA:307,17,0,0
BRDA:307,17,1,0
BRDA:331,18,0,0
BRDA:331,18,1,0
BRDA:332,19,0,0
BRDA:332,19,1,0
BRDA:333,20,0,0
BRDA:333,20,1,0
BRDA:335,21,0,0
BRDA:335,21,1,0
BRDA:342,22,0,0
BRDA:342,22,1,0
BRDA:344,23,0,0
BRDA:344,23,1,0
BRDA:345,24,0,0
BRDA:345,24,1,0
BRDA:346,25,0,0
BRDA:346,25,1,0
BRDA:347,26,0,0
BRDA:347,26,1,0
BRDA:348,27,0,0
BRDA:348,27,1,0
BRDA:348,28,0,0
BRDA:348,28,1,0
BRDA:351,29,0,0
BRDA:351,29,1,0
BRDA:351,29,2,0
BRDA:351,30,0,0
BRDA:351,30,1,0
BRDA:351,31,0,0
BRDA:351,31,1,0
BRDA:351,32,0,0
BRDA:351,32,1,0
BRDA:356,33,0,0
BRDA:356,33,1,0
BRDA:362,34,0,0
BRDA:362,34,1,0
BRF:71
BRH:0
end_of_record
TN:
SF:modules\clinical-workflow\routes\dashboard.js
FN:11,(anonymous_0)
FN:63,(anonymous_1)
FN:84,(anonymous_2)
FN:101,(anonymous_3)
FN:114,(anonymous_4)
FN:142,(anonymous_5)
FNF:6
FNH:0
FNDA:0,(anonymous_0)
FNDA:0,(anonymous_1)
FNDA:0,(anonymous_2)
FNDA:0,(anonymous_3)
FNDA:0,(anonymous_4)
FNDA:0,(anonymous_5)
DA:1,0
DA:2,0
DA:4,0
DA:5,0
DA:6,0
DA:7,0
DA:8,0
DA:11,0
DA:12,0
DA:13,0
DA:14,0
DA:15,0
DA:16,0
DA:19,0
DA:27,0
DA:30,0
DA:36,0
DA:42,0
DA:45,0
DA:46,0
DA:50,0
DA:58,0
DA:63,0
DA:64,0
DA:65,0
DA:66,0
DA:67,0
DA:68,0
DA:70,0
DA:77,0
DA:79,0
DA:84,0
DA:85,0
DA:86,0
DA:94,0
DA:96,0
DA:101,0
DA:102,0
DA:103,0
DA:107,0
DA:109,0
DA:114,0
DA:115,0
DA:116,0
DA:117,0
DA:123,0
DA:124,0
DA:128,0
DA:135,0
DA:137,0
DA:142,0
DA:143,0
DA:144,0
DA:150,0
DA:151,0
DA:154,0
DA:156,0
DA:160,0
LF:58
LH:0
BRDA:46,0,0,0
BRDA:46,0,1,0
BRDA:123,1,0,0
BRDA:123,1,1,0
BRDA:150,2,0,0
BRDA:150,2,1,0
BRF:6
BRH:0
end_of_record
TN:
SF:modules\clinical-workflow\routes\prescriptions.js
FN:9,(anonymous_0)
FN:39,(anonymous_1)
FN:42,(anonymous_2)
FN:52,(anonymous_3)
FN:55,(anonymous_4)
FN:58,(anonymous_5)
FN:66,(anonymous_6)
FN:79,(anonymous_7)
FN:117,(anonymous_8)
FN:134,(anonymous_9)
FN:147,(anonymous_10)
FN:208,(anonymous_11)
FN:230,(anonymous_12)
FN:244,(anonymous_13)
FN:289,(anonymous_14)
FN:300,(anonymous_15)
FNF:16
FNH:0
FNDA:0,(anonymous_0)
FNDA:0,(anonymous_1)
FNDA:0,(anonymous_2)
FNDA:0,(anonymous_3)
FNDA:0,(anonymous_4)
FNDA:0,(anonymous_5)
FNDA:0,(anonymous_6)
FNDA:0,(anonymous_7)
FNDA:0,(anonymous_8)
FNDA:0,(anonymous_9)
FNDA:0,(anonymous_10)
FNDA:0,(anonymous_11)
FNDA:0,(anonymous_12)
FNDA:0,(anonymous_13)
FNDA:0,(anonymous_14)
FNDA:0,(anonymous_15)
DA:1,0
DA:2,0
DA:3,0
DA:4,0
DA:9,0
DA:21,0
DA:26,0
DA:38,0
DA:40,0
DA:43,0
DA:44,0
DA:52,0
DA:54,0
DA:56,0
DA:59,0
DA:60,0
DA:66,0
DA:67,0
DA:68,0
DA:69,0
DA:71,0
DA:72,0
DA:79,0
DA:80,0
DA:92,0
DA:94,0
DA:106,0
DA:107,0
DA:108,0
DA:109,0
DA:111,0
DA:112,0
DA:117,0
DA:119,0
DA:120,0
DA:121,0
DA:122,0
DA:124,0
DA:125,0
DA:131,0
DA:134,0
DA:135,0
DA:136,0
DA:137,0
DA:138,0
DA:139,0
DA:141,0
DA:142,0
DA:147,0
DA:148,0
DA:149,0
DA:150,0
DA:153,0
DA:154,0
DA:155,0
DA:164,0
DA:165,0
DA:166,0
DA:167,0
DA:170,0
DA:171,0
DA:172,0
DA:176,0
DA:177,0
DA:178,0
DA:179,0
DA:180,0
DA:182,0
DA:183,0
DA:184,0
DA:187,0
DA:192,0
DA:194,0
DA:202,0
DA:203,0
DA:208,0
DA:209,0
DA:210,0
DA:211,0
DA:212,0
DA:213,0
DA:214,0
DA:215,0
DA:216,0
DA:217,0
DA:218,0
DA:219,0
DA:220,0
DA:221,0
DA:222,0
DA:223,0
DA:224,0
DA:225,0
DA:226,0
DA:227,0
DA:228,0
DA:229,0
DA:230,0
DA:231,0
DA:232,0
DA:235,0
DA:236,0
DA:238,0
DA:239,0
DA:244,0
DA:245,0
DA:246,0
DA:247,0
DA:248,0
DA:249,0
DA:250,0
DA:251,0
DA:253,0
DA:254,0
DA:255,0
DA:256,0
DA:257,0
DA:258,0
DA:259,0
DA:260,0
DA:261,0
DA:262,0
DA:263,0
DA:265,0
DA:270,0
DA:271,0
DA:275,0
DA:276,0
DA:277,0
DA:278,0
DA:279,0
DA:280,0
DA:281,0
DA:282,0
DA:283,0
DA:284,0
DA:285,0
DA:286,0
DA:288,0
DA:289,0
DA:290,0
DA:291,0
DA:292,0
DA:293,0
DA:294,0
DA:295,0
DA:296,0
DA:297,0
DA:298,0
DA:299,0
DA:300,0
DA:302,0
DA:303,0
DA:304,0
DA:306,0
DA:308,0
DA:309,0
LF:157
LH:0
BRDA:30,0,0,0
BRDA:30,0,1,0
BRDA:35,1,0,0
BRDA:35,1,1,0
BRDA:103,2,0,0
BRDA:103,2,1,0
BRDA:108,3,0,0
BRDA:108,3,1,0
BRDA:137,4,0,0
BRDA:137,4,1,0
BRDA:150,5,0,0
BRDA:150,5,1,0
BRDA:154,6,0,0
BRDA:154,6,1,0
BRDA:166,7,0,0
BRDA:166,7,1,0
BRDA:170,8,0,0
BRDA:170,8,1,0
BRDA:170,8,2,0
BRDA:171,9,0,0
BRDA:171,9,1,0
BRDA:177,10,0,0
BRDA:177,10,1,0
BRDA:212,11,0,0
BRDA:212,11,1,0
BRDA:220,12,0,0
BRDA:220,12,1,0
BRDA:221,13,0,0
BRDA:221,13,1,0
BRDA:221,14,0,0
BRDA:221,14,1,0
BRDA:222,15,0,0
BRDA:222,15,1,0
BRDA:223,16,0,0
BRDA:223,16,1,0
BRDA:226,17,0,0
BRDA:226,17,1,0
BRDA:227,18,0,0
BRDA:227,18,1,0
BRDA:228,19,0,0
BRDA:228,19,1,0
BRDA:228,20,0,0
BRDA:228,20,1,0
BRDA:235,21,0,0
BRDA:235,21,1,0
BRDA:239,22,0,0
BRDA:239,22,1,0
BRDA:247,23,0,0
BRDA:247,23,1,0
BRDA:251,24,0,0
BRDA:251,24,1,0
BRDA:255,25,0,0
BRDA:255,25,1,0
BRDA:256,26,0,0
BRDA:256,26,1,0
BRDA:256,26,2,0
BRDA:257,27,0,0
BRDA:257,27,1,0
BRDA:259,28,0,0
BRDA:259,28,1,0
BRDA:275,29,0,0
BRDA:275,29,1,0
BRDA:284,30,0,0
BRDA:284,30,1,0
BRDA:286,31,0,0
BRDA:286,31,1,0
BRDA:291,32,0,0
BRDA:291,32,1,0
BRDA:292,33,0,0
BRDA:292,33,1,0
BRDA:292,34,0,0
BRDA:292,34,1,0
BRDA:293,35,0,0
BRDA:293,35,1,0
BRDA:293,36,0,0
BRDA:293,36,1,0
BRDA:294,37,0,0
BRDA:294,37,1,0
BRDA:296,38,0,0
BRDA:296,38,1,0
BRDA:297,39,0,0
BRDA:297,39,1,0
BRDA:298,40,0,0
BRDA:298,40,1,0
BRDA:298,41,0,0
BRDA:298,41,1,0
BRDA:302,42,0,0
BRDA:302,42,1,0
BRDA:304,43,0,0
BRDA:304,43,1,0
BRDA:309,44,0,0
BRDA:309,44,1,0
BRF:92
BRH:0
end_of_record
TN:
SF:modules\lab-workflow\Controllers\dashboardController.js
FN:7,(anonymous_0)
FN:49,(anonymous_1)
FN:248,(anonymous_2)
FNF:3
FNH:0
FNDA:0,(anonymous_0)
FNDA:0,(anonymous_1)
FNDA:0,(anonymous_2)
DA:1,0
DA:2,0
DA:3,0
DA:4,0
DA:7,0
DA:8,0
DA:10,0
DA:11,0
DA:12,0
DA:13,0
DA:15,0
DA:16,0
DA:17,0
DA:18,0
DA:19,0
DA:21,0
DA:25,0
DA:26,0
DA:27,0
DA:34,0
DA:38,0
DA:39,0
DA:40,0
DA:45,0
DA:49,0
DA:62,0
DA:63,0
DA:64,0
DA:102,0
DA:103,0
DA:104,0
DA:105,0
DA:110,0
DA:115,0
DA:116,0
DA:117,0
DA:118,0
DA:119,0
DA:122,0
DA:132,0
DA:137,0
DA:186,0
DA:188,0
DA:199,0
DA:205,0
DA:208,0
DA:239,0
DA:248,0
DA:249,0
DA:250,0
DA:251,0
DA:252,0
DA:253,0
DA:255,0
DA:265,0
DA:273,0
LF:56
LH:0
BRDA:51,0,0,0
BRDA:51,0,1,0
BRDA:51,0,2,0
BRDA:52,1,0,0
BRDA:52,1,1,0
BRDA:53,2,0,0
BRDA:53,2,1,0
BRDA:54,3,0,0
BRDA:54,3,1,0
BRDA:55,4,0,0
BRDA:55,4,1,0
BRDA:56,5,0,0
BRDA:56,5,1,0
BRDA:57,6,0,0
BRDA:57,6,1,0
BRDA:58,7,0,0
BRDA:58,7,1,0
BRDA:63,8,0,0
BRDA:63,8,1,0
BRDA:116,9,0,0
BRDA:116,9,1,0
BRDA:118,10,0,0
BRDA:118,10,1,0
BRDA:125,11,0,0
BRDA:125,11,1,0
BRDA:125,11,2,0
BRDA:190,12,0,0
BRDA:190,12,1,0
BRDA:191,13,0,0
BRDA:191,13,1,0
BRDA:192,14,0,0
BRDA:192,14,1,0
BRDA:193,15,0,0
BRDA:193,15,1,0
BRF:34
BRH:0
end_of_record
TN:
SF:modules\lab-workflow\Controllers\labTaskController.js
FN:11,(anonymous_0)
FN:19,(anonymous_1)
FN:30,(anonymous_2)
FN:46,(anonymous_3)
FN:84,(anonymous_4)
FN:91,(anonymous_5)
FN:111,(anonymous_6)
FN:131,(anonymous_7)
FN:154,(anonymous_8)
FN:170,(anonymous_9)
FN:192,(anonymous_10)
FN:216,(anonymous_11)
FN:242,(anonymous_12)
FN:280,(anonymous_13)
FN:330,(anonymous_14)
FN:342,(anonymous_15)
FN:356,(anonymous_16)
FN:399,(anonymous_17)
FN:423,(anonymous_18)
FN:440,(anonymous_19)
FN:453,(anonymous_20)
FN:497,(anonymous_21)
FN:511,(anonymous_22)
FN:533,(anonymous_23)
FN:551,(anonymous_24)
FN:600,(anonymous_25)
FN:634,(anonymous_26)
FN:655,(anonymous_27)
FN:660,(anonymous_28)
FN:792,(anonymous_29)
FN:823,(anonymous_30)
FNF:31
FNH:0
FNDA:0,(anonymous_0)
FNDA:0,(anonymous_1)
FNDA:0,(anonymous_2)
FNDA:0,(anonymous_3)
FNDA:0,(anonymous_4)
FNDA:0,(anonymous_5)
FNDA:0,(anonymous_6)
FNDA:0,(anonymous_7)
FNDA:0,(anonymous_8)
FNDA:0,(anonymous_9)
FNDA:0,(anonymous_10)
FNDA:0,(anonymous_11)
FNDA:0,(anonymous_12)
FNDA:0,(anonymous_13)
FNDA:0,(anonymous_14)
FNDA:0,(anonymous_15)
FNDA:0,(anonymous_16)
FNDA:0,(anonymous_17)
FNDA:0,(anonymous_18)
FNDA:0,(anonymous_19)
FNDA:0,(anonymous_20)
FNDA:0,(anonymous_21)
FNDA:0,(anonymous_22)
FNDA:0,(anonymous_23)
FNDA:0,(anonymous_24)
FNDA:0,(anonymous_25)
FNDA:0,(anonymous_26)
FNDA:0,(anonymous_27)
FNDA:0,(anonymous_28)
FNDA:0,(anonymous_29)
FNDA:0,(anonymous_30)
DA:2,0
DA:3,0
DA:4,0
DA:5,0
DA:6,0
DA:7,0
DA:10,0
DA:12,0
DA:14,0
DA:15,0
DA:17,0
DA:20,0
DA:21,0
DA:25,0
DA:32,0
DA:33,0
DA:34,0
DA:36,0
DA:37,0
DA:39,0
DA:47,0
DA:48,0
DA:51,0
DA:52,0
DA:53,0
DA:56,0
DA:57,0
DA:59,0
DA:62,0
DA:63,0
DA:64,0
DA:65,0
DA:66,0
DA:68,0
DA:69,0
DA:71,0
DA:73,0
DA:74,0
DA:78,0
DA:79,0
DA:86,0
DA:88,0
DA:91,0
DA:92,0
DA:94,0
DA:95,0
DA:96,0
DA:97,0
DA:98,0
DA:105,0
DA:106,0
DA:112,0
DA:114,0
DA:115,0
DA:118,0
DA:120,0
DA:126,0
DA:132,0
DA:134,0
DA:137,0
DA:140,0
DA:142,0
DA:149,0
DA:155,0
DA:156,0
DA:158,0
DA:170,0
DA:180,0
DA:182,0
DA:187,0
DA:188,0
DA:193,0
DA:195,0
DA:216,0
DA:217,0
DA:224,0
DA:231,0
DA:236,0
DA:237,0
DA:243,0
DA:244,0
DA:257,0
DA:258,0
DA:262,0
DA:272,0
DA:274,0
DA:275,0
DA:281,0
DA:282,0
DA:306,0
DA:307,0
DA:311,0
DA:322,0
DA:324,0
DA:325,0
DA:331,0
DA:332,0
DA:333,0
DA:334,0
DA:336,0
DA:338,0
DA:343,0
DA:344,0
DA:345,0
DA:348,0
DA:349,0
DA:351,0
DA:352,0
DA:357,0
DA:358,0
DA:359,0
DA:362,0
DA:363,0
DA:369,0
DA:375,0
DA:376,0
DA:382,0
DA:388,0
DA:389,0
DA:400,0
DA:401,0
DA:404,0
DA:423,0
DA:433,0
DA:435,0
DA:436,0
DA:441,0
DA:442,0
DA:443,0
DA:444,0
DA:446,0
DA:448,0
DA:449,0
DA:454,0
DA:455,0
DA:456,0
DA:458,0
DA:459,0
DA:462,0
DA:469,0
DA:470,0
DA:472,0
DA:474,0
DA:477,0
DA:478,0
DA:479,0
DA:482,0
DA:490,0
DA:492,0
DA:493,0
DA:498,0
DA:499,0
DA:500,0
DA:502,0
DA:503,0
DA:506,0
DA:507,0
DA:511,0
DA:512,0
DA:516,0
DA:517,0
DA:520,0
DA:521,0
DA:523,0
DA:528,0
DA:529,0
DA:534,0
DA:535,0
DA:536,0
DA:537,0
DA:540,0
DA:545,0
DA:546,0
DA:552,0
DA:553,0
DA:554,0
DA:556,0
DA:557,0
DA:561,0
DA:562,0
DA:565,0
DA:566,0
DA:569,0
DA:570,0
DA:571,0
DA:573,0
DA:574,0
DA:575,0
DA:576,0
DA:577,0
DA:581,0
DA:582,0
DA:583,0
DA:584,0
DA:585,0
DA:586,0
DA:589,0
DA:590,0
DA:595,0
DA:596,0
DA:601,0
DA:602,0
DA:603,0
DA:605,0
DA:606,0
DA:610,0
DA:611,0
DA:615,0
DA:621,0
DA:622,0
DA:624,0
DA:626,0
DA:627,0
DA:629,0
DA:630,0
DA:635,0
DA:636,0
DA:637,0
DA:638,0
DA:641,0
DA:648,0
DA:650,0
DA:651,0
DA:656,0
DA:657,0
DA:661,0
DA:662,0
DA:667,0
DA:668,0
DA:670,0
DA:671,0
DA:672,0
DA:675,0
DA:683,0
DA:684,0
DA:685,0
DA:686,0
DA:694,0
DA:695,0
DA:696,0
DA:701,0
DA:702,0
DA:709,0
DA:714,0
DA:715,0
DA:716,0
DA:720,0
DA:721,0
DA:722,0
DA:723,0
DA:726,0
DA:730,0
DA:731,0
DA:732,0
DA:736,0
DA:737,0
DA:738,0
DA:742,0
DA:743,0
DA:744,0
DA:748,0
DA:749,0
DA:751,0
DA:752,0
DA:756,0
DA:757,0
DA:758,0
DA:759,0
DA:760,0
DA:764,0
DA:765,0
DA:766,0
DA:768,0
DA:774,0
DA:777,0
DA:778,0
DA:779,0
DA:781,0
DA:786,0
DA:787,0
DA:788,0
DA:793,0
DA:794,0
DA:795,0
DA:797,0
DA:798,0
DA:802,0
DA:812,0
DA:817,0
DA:818,0
DA:824,0
DA:828,0
LF:292
LH:0
BRDA:14,0,0,0
BRDA:14,0,1,0
BRDA:36,1,0,0
BRDA:36,1,1,0
BRDA:36,2,0,0
BRDA:36,2,1,0
BRDA:51,3,0,0
BRDA:51,3,1,0
BRDA:62,4,0,0
BRDA:62,4,1,0
BRDA:62,5,0,0
BRDA:62,5,1,0
BRDA:62,5,2,0
BRDA:92,6,0,0
BRDA:92,6,1,0
BRDA:95,7,0,0
BRDA:95,7,1,0
BRDA:97,8,0,0
BRDA:97,8,1,0
BRDA:172,9,0,0
BRDA:172,9,1,0
BRDA:174,10,0,0
BRDA:174,10,1,0
BRDA:176,11,0,0
BRDA:176,11,1,0
BRDA:217,12,0,0
BRDA:217,12,1,0
BRDA:219,13,0,0
BRDA:219,13,1,0
BRDA:221,14,0,0
BRDA:221,14,1,0
BRDA:226,15,0,0
BRDA:226,15,1,0
BRDA:257,16,0,0
BRDA:257,16,1,0
BRDA:264,17,0,0
BRDA:264,17,1,0
BRDA:266,18,0,0
BRDA:266,18,1,0
BRDA:268,19,0,0
BRDA:268,19,1,0
BRDA:306,20,0,0
BRDA:306,20,1,0
BRDA:313,21,0,0
BRDA:313,21,1,0
BRDA:314,22,0,0
BRDA:314,22,1,0
BRDA:316,23,0,0
BRDA:316,23,1,0
BRDA:318,24,0,0
BRDA:318,24,1,0
BRDA:333,25,0,0
BRDA:333,25,1,0
BRDA:362,26,0,0
BRDA:362,26,1,0
BRDA:375,27,0,0
BRDA:375,27,1,0
BRDA:425,28,0,0
BRDA:425,28,1,0
BRDA:427,29,0,0
BRDA:427,29,1,0
BRDA:429,30,0,0
BRDA:429,30,1,0
BRDA:443,31,0,0
BRDA:443,31,1,0
BRDA:446,32,0,0
BRDA:446,32,1,0
BRDA:458,33,0,0
BRDA:458,33,1,0
BRDA:465,34,0,0
BRDA:465,34,1,0
BRDA:469,35,0,0
BRDA:469,35,1,0
BRDA:502,36,0,0
BRDA:502,36,1,0
BRDA:506,37,0,0
BRDA:506,37,1,0
BRDA:506,38,0,0
BRDA:506,38,1,0
BRDA:512,39,0,0
BRDA:512,39,1,0
BRDA:512,39,2,0
BRDA:512,39,3,0
BRDA:516,40,0,0
BRDA:516,40,1,0
BRDA:536,41,0,0
BRDA:536,41,1,0
BRDA:541,42,0,0
BRDA:541,42,1,0
BRDA:542,43,0,0
BRDA:542,43,1,0
BRDA:556,44,0,0
BRDA:556,44,1,0
BRDA:561,45,0,0
BRDA:561,45,1,0
BRDA:565,46,0,0
BRDA:565,46,1,0
BRDA:569,47,0,0
BRDA:569,47,1,0
BRDA:569,48,0,0
BRDA:569,48,1,0
BRDA:570,49,0,0
BRDA:570,49,1,0
BRDA:574,50,0,0
BRDA:574,50,1,0
BRDA:575,51,0,0
BRDA:575,51,1,0
BRDA:576,52,0,0
BRDA:576,52,1,0
BRDA:577,53,0,0
BRDA:577,53,1,0
BRDA:581,54,0,0
BRDA:581,54,1,0
BRDA:581,55,0,0
BRDA:581,55,1,0
BRDA:581,55,2,0
BRDA:581,55,3,0
BRDA:581,55,4,0
BRDA:583,56,0,0
BRDA:583,56,1,0
BRDA:583,57,0,0
BRDA:583,57,1,0
BRDA:585,58,0,0
BRDA:585,58,1,0
BRDA:585,59,0,0
BRDA:585,59,1,0
BRDA:605,60,0,0
BRDA:605,60,1,0
BRDA:610,61,0,0
BRDA:610,61,1,0
BRDA:610,62,0,0
BRDA:610,62,1,0
BRDA:610,62,2,0
BRDA:621,63,0,0
BRDA:621,63,1,0
BRDA:637,64,0,0
BRDA:637,64,1,0
BRDA:641,65,0,0
BRDA:641,65,1,0
BRDA:670,66,0,0
BRDA:670,66,1,0
BRDA:679,67,0,0
BRDA:679,67,1,0
BRDA:683,68,0,0
BRDA:683,68,1,0
BRDA:694,69,0,0
BRDA:694,69,1,0
BRDA:701,70,0,0
BRDA:701,70,1,0
BRDA:714,71,0,0
BRDA:714,71,1,0
BRDA:720,72,0,0
BRDA:720,72,1,0
BRDA:722,73,0,0
BRDA:722,73,1,0
BRDA:723,74,0,0
BRDA:723,74,1,0
BRDA:730,75,0,0
BRDA:730,75,1,0
BRDA:736,76,0,0
BRDA:736,76,1,0
BRDA:742,77,0,0
BRDA:742,77,1,0
BRDA:742,78,0,0
BRDA:742,78,1,0
BRDA:748,79,0,0
BRDA:748,79,1,0
BRDA:751,80,0,0
BRDA:751,80,1,0
BRDA:756,81,0,0
BRDA:756,81,1,0
BRDA:756,82,0,0
BRDA:756,82,1,0
BRDA:757,83,0,0
BRDA:757,83,1,0
BRDA:764,84,0,0
BRDA:764,84,1,0
BRDA:765,85,0,0
BRDA:765,85,1,0
BRDA:770,86,0,0
BRDA:770,86,1,0
BRDA:770,86,2,0
BRDA:797,87,0,0
BRDA:797,87,1,0
BRF:184
BRH:0
end_of_record
TN:
SF:modules\lab-workflow\Controllers\labTestController.js
FN:9,(anonymous_0)
FN:102,(anonymous_1)
FN:158,(anonymous_2)
FN:159,(anonymous_3)
FN:160,(anonymous_4)
FN:219,(anonymous_5)
FN:251,(anonymous_6)
FN:309,(anonymous_7)
FN:338,(anonymous_8)
FN:392,(anonymous_9)
FN:421,(anonymous_10)
FN:450,(anonymous_11)
FN:520,(anonymous_12)
FN:594,(anonymous_13)
FN:622,(anonymous_14)
FN:918,(anonymous_15)
FN:920,(anonymous_16)
FN:921,(anonymous_17)
FN:922,(anonymous_18)
FN:925,(anonymous_19)
FN:926,(anonymous_20)
FN:927,(anonymous_21)
FN:928,(anonymous_22)
FNF:23
FNH:0
FNDA:0,(anonymous_0)
FNDA:0,(anonymous_1)
FNDA:0,(anonymous_2)
FNDA:0,(anonymous_3)
FNDA:0,(anonymous_4)
FNDA:0,(anonymous_5)
FNDA:0,(anonymous_6)
FNDA:0,(anonymous_7)
FNDA:0,(anonymous_8)
FNDA:0,(anonymous_9)
FNDA:0,(anonymous_10)
FNDA:0,(anonymous_11)
FNDA:0,(anonymous_12)
FNDA:0,(anonymous_13)
FNDA:0,(anonymous_14)
FNDA:0,(anonymous_15)
FNDA:0,(anonymous_16)
FNDA:0,(anonymous_17)
FNDA:0,(anonymous_18)
FNDA:0,(anonymous_19)
FNDA:0,(anonymous_20)
FNDA:0,(anonymous_21)
FNDA:0,(anonymous_22)
DA:1,0
DA:2,0
DA:3,0
DA:4,0
DA:5,0
DA:9,0
DA:10,0
DA:20,0
DA:23,0
DA:24,0
DA:31,0
DA:32,0
DA:33,0
DA:40,0
DA:41,0
DA:42,0
DA:49,0
DA:50,0
DA:51,0
DA:58,0
DA:59,0
DA:60,0
DA:61,0
DA:63,0
DA:64,0
DA:65,0
DA:73,0
DA:84,0
DA:86,0
DA:92,0
DA:93,0
DA:102,0
DA:103,0
DA:104,0
DA:107,0
DA:108,0
DA:109,0
DA:110,0
DA:113,0
DA:114,0
DA:121,0
DA:124,0
DA:130,0
DA:132,0
DA:133,0
DA:134,0
DA:144,0
DA:151,0
DA:152,0
DA:153,0
DA:157,0
DA:158,0
DA:159,0
DA:160,0
DA:164,0
DA:168,0
DA:184,0
DA:187,0
DA:188,0
DA:210,0
DA:219,0
DA:220,0
DA:221,0
DA:223,0
DA:228,0
DA:229,0
DA:235,0
DA:241,0
DA:242,0
DA:251,0
DA:252,0
DA:253,0
DA:254,0
DA:257,0
DA:258,0
DA:262,0
DA:263,0
DA:265,0
DA:266,0
DA:268,0
DA:269,0
DA:273,0
DA:274,0
DA:277,0
DA:286,0
DA:287,0
DA:293,0
DA:299,0
DA:300,0
DA:309,0
DA:310,0
DA:311,0
DA:313,0
DA:315,0
DA:316,0
DA:322,0
DA:328,0
DA:329,0
DA:338,0
DA:339,0
DA:340,0
DA:341,0
DA:343,0
DA:344,0
DA:350,0
DA:353,0
DA:354,0
DA:355,0
DA:356,0
DA:360,0
DA:369,0
DA:370,0
DA:376,0
DA:382,0
DA:383,0
DA:392,0
DA:393,0
DA:394,0
DA:395,0
DA:397,0
DA:398,0
DA:400,0
DA:405,0
DA:411,0
DA:412,0
DA:421,0
DA:422,0
DA:423,0
DA:424,0
DA:426,0
DA:427,0
DA:429,0
DA:434,0
DA:440,0
DA:441,0
DA:450,0
DA:451,0
DA:452,0
DA:453,0
DA:455,0
DA:456,0
DA:463,0
DA:464,0
DA:465,0
DA:472,0
DA:479,0
DA:480,0
DA:484,0
DA:485,0
DA:488,0
DA:497,0
DA:498,0
DA:504,0
DA:510,0
DA:511,0
DA:520,0
DA:521,0
DA:523,0
DA:525,0
DA:527,0
DA:528,0
DA:531,0
DA:534,0
DA:577,0
DA:594,0
DA:603,0
DA:612,0
DA:613,0
DA:622,0
DA:623,0
DA:625,0
DA:653,0
DA:675,0
DA:700,0
DA:714,0
DA:716,0
DA:717,0
DA:718,0
DA:719,0
DA:720,0
DA:722,0
DA:726,0
DA:727,0
DA:728,0
DA:730,0
DA:906,0
DA:908,0
DA:918,0
DA:920,0
DA:921,0
DA:922,0
DA:925,0
DA:926,0
DA:927,0
DA:928,0
DA:936,0
DA:937,0
DA:942,0
DA:943,0
DA:952,0
LF:200
LH:0
BRDA:23,0,0,0
BRDA:23,0,1,0
BRDA:23,1,0,0
BRDA:23,1,1,0
BRDA:23,1,2,0
BRDA:23,1,3,0
BRDA:32,2,0,0
BRDA:32,2,1,0
BRDA:41,3,0,0
BRDA:41,3,1,0
BRDA:50,4,0,0
BRDA:50,4,1,0
BRDA:59,5,0,0
BRDA:59,5,1,0
BRDA:61,6,0,0
BRDA:61,6,1,0
BRDA:64,7,0,0
BRDA:64,7,1,0
BRDA:79,8,0,0
BRDA:79,8,1,0
BRDA:104,9,0,0
BRDA:104,10,0,0
BRDA:108,11,0,0
BRDA:108,11,1,0
BRDA:108,12,0,0
BRDA:108,12,1,0
BRDA:109,13,0,0
BRDA:109,13,1,0
BRDA:110,14,0,0
BRDA:110,14,1,0
BRDA:113,15,0,0
BRDA:113,15,1,0
BRDA:133,16,0,0
BRDA:133,16,1,0
BRDA:151,17,0,0
BRDA:151,17,1,0
BRDA:158,18,0,0
BRDA:158,18,1,0
BRDA:159,19,0,0
BRDA:159,19,1,0
BRDA:160,20,0,0
BRDA:160,20,1,0
BRDA:161,21,0,0
BRDA:161,21,1,0
BRDA:176,22,0,0
BRDA:176,22,1,0
BRDA:187,23,0,0
BRDA:187,23,1,0
BRDA:187,24,0,0
BRDA:187,24,1,0
BRDA:187,24,2,0
BRDA:228,25,0,0
BRDA:228,25,1,0
BRDA:262,26,0,0
BRDA:262,26,1,0
BRDA:265,27,0,0
BRDA:265,27,1,0
BRDA:268,28,0,0
BRDA:268,28,1,0
BRDA:273,29,0,0
BRDA:273,29,1,0
BRDA:273,30,0,0
BRDA:273,30,1,0
BRDA:286,31,0,0
BRDA:286,31,1,0
BRDA:315,32,0,0
BRDA:315,32,1,0
BRDA:343,33,0,0
BRDA:343,33,1,0
BRDA:353,34,0,0
BRDA:353,34,1,0
BRDA:355,35,0,0
BRDA:355,35,1,0
BRDA:369,36,0,0
BRDA:369,36,1,0
BRDA:398,37,0,0
BRDA:398,37,1,0
BRDA:427,38,0,0
BRDA:427,38,1,0
BRDA:455,39,0,0
BRDA:455,39,1,0
BRDA:464,40,0,0
BRDA:464,40,1,0
BRDA:479,41,0,0
BRDA:479,41,1,0
BRDA:484,42,0,0
BRDA:484,42,1,0
BRDA:497,43,0,0
BRDA:497,43,1,0
BRDA:599,44,0,0
BRDA:599,44,1,0
BRDA:936,45,0,0
BRDA:936,45,1,0
BRF:93
BRH:0
end_of_record
TN:
SF:modules\lab-workflow\Controllers\patientController.js
FN:7,(anonymous_0)
FN:31,(anonymous_1)
FN:59,(anonymous_2)
FN:82,(anonymous_3)
FN:108,(anonymous_4)
FN:120,(anonymous_5)
FN:151,(anonymous_6)
FN:159,(anonymous_7)
FN:184,(anonymous_8)
FN:200,(anonymous_9)
FNF:10
FNH:0
FNDA:0,(anonymous_0)
FNDA:0,(anonymous_1)
FNDA:0,(anonymous_2)
FNDA:0,(anonymous_3)
FNDA:0,(anonymous_4)
FNDA:0,(anonymous_5)
FNDA:0,(anonymous_6)
FNDA:0,(anonymous_7)
FNDA:0,(anonymous_8)
FNDA:0,(anonymous_9)
DA:1,0
DA:2,0
DA:8,0
DA:9,0
DA:11,0
DA:14,0
DA:15,0
DA:21,0
DA:23,0
DA:30,0
DA:31,0
DA:32,0
DA:37,0
DA:39,0
DA:50,0
DA:51,0
DA:60,0
DA:61,0
DA:62,0
DA:63,0
DA:67,0
DA:70,0
DA:71,0
DA:74,0
DA:76,0
DA:77,0
DA:83,0
DA:84,0
DA:87,0
DA:88,0
DA:94,0
DA:99,0
DA:100,0
DA:109,0
DA:110,0
DA:113,0
DA:114,0
DA:120,0
DA:130,0
DA:137,0
DA:138,0
DA:145,0
DA:151,0
DA:152,0
DA:153,0
DA:155,0
DA:159,0
DA:169,0
DA:175,0
DA:176,0
DA:185,0
DA:186,0
DA:187,0
DA:190,0
DA:200,0
DA:201,0
DA:202,0
DA:203,0
DA:204,0
DA:206,0
DA:217,0
DA:222,0
DA:223,0
DA:231,0
LF:64
LH:0
BRDA:9,0,0,0
BRDA:9,1,0,0
BRDA:14,2,0,0
BRDA:14,2,1,0
BRDA:30,3,0,0
BRDA:30,3,1,0
BRDA:32,4,0,0
BRDA:32,4,1,0
BRDA:32,4,2,0
BRDA:37,5,0,0
BRDA:37,5,1,0
BRDA:62,6,0,0
BRDA:62,6,1,0
BRDA:70,7,0,0
BRDA:70,7,1,0
BRDA:87,8,0,0
BRDA:87,8,1,0
BRDA:113,9,0,0
BRDA:113,9,1,0
BRDA:124,10,0,0
BRDA:124,10,1,0
BRDA:125,11,0,0
BRDA:125,11,1,0
BRDA:137,12,0,0
BRDA:137,12,1,0
BRDA:153,13,0,0
BRDA:153,13,1,0
BRDA:153,13,2,0
BRDA:155,14,0,0
BRDA:155,14,1,0
BRDA:163,15,0,0
BRDA:163,15,1,0
BRDA:164,16,0,0
BRDA:164,16,1,0
BRDA:201,17,0,0
BRDA:201,17,1,0
BRDA:202,18,0,0
BRDA:202,18,1,0
BRDA:203,19,0,0
BRDA:203,19,1,0
BRDA:203,19,2,0
BRDA:204,20,0,0
BRDA:204,20,1,0
BRDA:209,21,0,0
BRDA:209,21,1,0
BRF:45
BRH:0
end_of_record
TN:
SF:modules\lab-workflow\Controllers\testController.js
FN:2,(anonymous_0)
FN:23,(anonymous_1)
FNF:2
FNH:0
FNDA:0,(anonymous_0)
FNDA:0,(anonymous_1)
DA:2,0
DA:3,0
DA:4,0
DA:14,0
DA:23,0
DA:24,0
DA:25,0
DA:96,0
DA:103,0
DA:119,0
DA:127,0
LF:11
LH:0
BRF:0
BRH:0
end_of_record
TN:
SF:modules\lab-workflow\Controllers\testResultController.js
FN:9,(anonymous_0)
FN:17,(anonymous_1)
FN:28,(anonymous_2)
FN:45,(anonymous_3)
FN:76,(anonymous_4)
FN:107,(anonymous_5)
FN:155,(anonymous_6)
FN:217,(anonymous_7)
FN:259,(anonymous_8)
FN:292,(anonymous_9)
FN:389,(anonymous_10)
FN:414,(anonymous_11)
FN:422,(anonymous_12)
FN:477,(anonymous_13)
FN:491,(anonymous_14)
FN:518,(anonymous_15)
FN:531,(anonymous_16)
FN:569,(anonymous_17)
FN:601,(anonymous_18)
FN:639,(anonymous_19)
FN:691,(anonymous_20)
FNF:21
FNH:0
FNDA:0,(anonymous_0)
FNDA:0,(anonymous_1)
FNDA:0,(anonymous_2)
FNDA:0,(anonymous_3)
FNDA:0,(anonymous_4)
FNDA:0,(anonymous_5)
FNDA:0,(anonymous_6)
FNDA:0,(anonymous_7)
FNDA:0,(anonymous_8)
FNDA:0,(anonymous_9)
FNDA:0,(anonymous_10)
FNDA:0,(anonymous_11)
FNDA:0,(anonymous_12)
FNDA:0,(anonymous_13)
FNDA:0,(anonymous_14)
FNDA:0,(anonymous_15)
FNDA:0,(anonymous_16)
FNDA:0,(anonymous_17)
FNDA:0,(anonymous_18)
FNDA:0,(anonymous_19)
FNDA:0,(anonymous_20)
DA:1,0
DA:2,0
DA:3,0
DA:4,0
DA:5,0
DA:8,0
DA:10,0
DA:12,0
DA:13,0
DA:15,0
DA:18,0
DA:19,0
DA:23,0
DA:30,0
DA:31,0
DA:32,0
DA:34,0
DA:35,0
DA:37,0
DA:46,0
DA:47,0
DA:49,0
DA:53,0
DA:54,0
DA:60,0
DA:66,0
DA:67,0
DA:77,0
DA:78,0
DA:80,0
DA:84,0
DA:85,0
DA:91,0
DA:97,0
DA:98,0
DA:108,0
DA:109,0
DA:110,0
DA:113,0
DA:114,0
DA:117,0
DA:119,0
DA:121,0
DA:122,0
DA:123,0
DA:125,0
DA:132,0
DA:135,0
DA:137,0
DA:145,0
DA:146,0
DA:156,0
DA:165,0
DA:167,0
DA:169,0
DA:170,0
DA:171,0
DA:173,0
DA:174,0
DA:175,0
DA:176,0
DA:179,0
DA:186,0
DA:193,0
DA:195,0
DA:207,0
DA:208,0
DA:218,0
DA:219,0
DA:220,0
DA:222,0
DA:224,0
DA:225,0
DA:231,0
DA:239,0
DA:240,0
DA:242,0
DA:249,0
DA:250,0
DA:260,0
DA:261,0
DA:263,0
DA:265,0
DA:266,0
DA:272,0
DA:273,0
DA:275,0
DA:282,0
DA:283,0
DA:293,0
DA:294,0
DA:389,0
DA:392,0
DA:394,0
DA:401,0
DA:402,0
DA:411,0
DA:415,0
DA:416,0
DA:417,0
DA:420,0
DA:421,0
DA:422,0
DA:423,0
DA:434,0
DA:435,0
DA:436,0
DA:438,0
DA:446,0
DA:447,0
DA:448,0
DA:450,0
DA:454,0
DA:460,0
DA:467,0
DA:468,0
DA:478,0
DA:479,0
DA:481,0
DA:482,0
DA:483,0
DA:490,0
DA:491,0
DA:492,0
DA:493,0
DA:494,0
DA:500,0
DA:502,0
DA:508,0
DA:509,0
DA:519,0
DA:520,0
DA:522,0
DA:523,0
DA:524,0
DA:530,0
DA:531,0
DA:534,0
DA:535,0
DA:541,0
DA:544,0
DA:545,0
DA:546,0
DA:550,0
DA:551,0
DA:553,0
DA:559,0
DA:560,0
DA:570,0
DA:571,0
DA:580,0
DA:582,0
DA:591,0
DA:592,0
DA:602,0
DA:603,0
DA:605,0
DA:609,0
DA:610,0
DA:618,0
DA:629,0
DA:630,0
DA:640,0
DA:641,0
DA:642,0
DA:644,0
DA:648,0
DA:649,0
DA:656,0
DA:657,0
DA:665,0
DA:666,0
DA:668,0
DA:681,0
DA:682,0
DA:692,0
DA:693,0
DA:694,0
DA:696,0
DA:700,0
DA:701,0
DA:708,0
DA:709,0
DA:716,0
DA:717,0
DA:718,0
DA:722,0
DA:723,0
DA:724,0
DA:725,0
DA:727,0
DA:743,0
DA:744,0
DA:753,0
LF:194
LH:0
BRDA:12,0,0,0
BRDA:12,0,1,0
BRDA:34,1,0,0
BRDA:34,1,1,0
BRDA:34,2,0,0
BRDA:34,2,1,0
BRDA:53,3,0,0
BRDA:53,3,1,0
BRDA:84,4,0,0
BRDA:84,4,1,0
BRDA:113,5,0,0
BRDA:113,5,1,0
BRDA:113,6,0,0
BRDA:113,6,1,0
BRDA:119,7,0,0
BRDA:119,7,1,0
BRDA:158,8,0,0
BRDA:159,9,0,0
BRDA:169,10,0,0
BRDA:169,10,1,0
BRDA:170,11,0,0
BRDA:170,11,1,0
BRDA:171,12,0,0
BRDA:171,12,1,0
BRDA:173,13,0,0
BRDA:173,13,1,0
BRDA:173,14,0,0
BRDA:173,14,1,0
BRDA:175,15,0,0
BRDA:175,15,1,0
BRDA:176,16,0,0
BRDA:176,16,1,0
BRDA:224,17,0,0
BRDA:224,17,1,0
BRDA:265,18,0,0
BRDA:265,18,1,0
BRDA:421,19,0,0
BRDA:421,19,1,0
BRDA:421,20,0,0
BRDA:421,20,1,0
BRDA:434,21,0,0
BRDA:434,21,1,0
BRDA:447,22,0,0
BRDA:447,22,1,0
BRDA:447,23,0,0
BRDA:447,23,1,0
BRDA:482,24,0,0
BRDA:482,24,1,0
BRDA:490,25,0,0
BRDA:490,25,1,0
BRDA:490,26,0,0
BRDA:490,26,1,0
BRDA:493,27,0,0
BRDA:493,27,1,0
BRDA:523,28,0,0
BRDA:523,28,1,0
BRDA:534,29,0,0
BRDA:534,29,1,0
BRDA:545,30,0,0
BRDA:545,30,1,0
BRDA:609,31,0,0
BRDA:609,31,1,0
BRDA:648,32,0,0
BRDA:648,32,1,0
BRDA:656,33,0,0
BRDA:656,33,1,0
BRDA:656,34,0,0
BRDA:656,34,1,0
BRDA:666,35,0,0
BRDA:666,35,1,0
BRDA:700,36,0,0
BRDA:700,36,1,0
BRDA:708,37,0,0
BRDA:708,37,1,0
BRDA:718,38,0,0
BRDA:718,38,1,0
BRDA:736,39,0,0
BRDA:736,39,1,0
BRF:78
BRH:0
end_of_record
TN:
SF:modules\lab-workflow\Model\ClinicalLabTask.js
FN:18,(anonymous_0)
FN:155,(anonymous_1)
FN:175,(anonymous_2)
FNF:3
FNH:0
FNDA:0,(anonymous_0)
FNDA:0,(anonymous_1)
FNDA:0,(anonymous_2)
DA:1,0
DA:3,0
DA:19,0
DA:20,0
DA:22,0
DA:23,0
DA:155,0
DA:156,0
DA:157,0
DA:158,0
DA:159,0
DA:160,0
DA:161,0
DA:162,0
DA:164,0
DA:165,0
DA:168,0
DA:171,0
DA:175,0
DA:176,0
DA:178,0
DA:179,0
DA:180,0
DA:181,0
DA:182,0
DA:183,0
DA:184,0
DA:186,0
DA:187,0
DA:190,0
DA:195,0
DA:198,0
LF:32
LH:0
BRDA:19,0,0,0
BRDA:19,0,1,0
BRDA:19,1,0,0
BRDA:19,1,1,0
BRDA:156,2,0,0
BRDA:156,2,1,0
BRDA:160,3,0,0
BRDA:160,3,1,0
BRDA:178,4,0,0
BRDA:178,4,1,0
BRDA:178,5,0,0
BRDA:178,5,1,0
BRDA:179,6,0,0
BRDA:179,6,1,0
BRDA:183,7,0,0
BRDA:183,7,1,0
BRF:16
BRH:0
end_of_record
TN:
SF:modules\lab-workflow\Model\LabTask.js
FN:16,(anonymous_0)
FN:128,(anonymous_1)
FN:151,(anonymous_2)
FN:157,(anonymous_3)
FNF:4
FNH:0
FNDA:0,(anonymous_0)
FNDA:0,(anonymous_1)
FNDA:0,(anonymous_2)
FNDA:0,(anonymous_3)
DA:1,0
DA:3,0
DA:18,0
DA:19,0
DA:23,0
DA:24,0
DA:128,0
DA:130,0
DA:131,0
DA:133,0
DA:134,0
DA:135,0
DA:136,0
DA:137,0
DA:139,0
DA:140,0
DA:143,0
DA:147,0
DA:151,0
DA:152,0
DA:153,0
DA:157,0
DA:158,0
DA:161,0
DA:162,0
DA:163,0
DA:164,0
DA:165,0
DA:166,0
DA:167,0
DA:169,0
DA:170,0
DA:173,0
DA:178,0
DA:182,0
DA:183,0
DA:186,0
LF:37
LH:0
BRDA:18,0,0,0
BRDA:18,0,1,0
BRDA:18,1,0,0
BRDA:18,1,1,0
BRDA:130,2,0,0
BRDA:130,2,1,0
BRDA:135,3,0,0
BRDA:135,3,1,0
BRDA:161,4,0,0
BRDA:161,4,1,0
BRDA:161,5,0,0
BRDA:161,5,1,0
BRDA:162,6,0,0
BRDA:162,6,1,0
BRDA:166,7,0,0
BRDA:166,7,1,0
BRDA:182,8,0,0
BRDA:182,8,1,0
BRF:18
BRH:0
end_of_record
TN:
SF:modules\lab-workflow\Model\LabTest.js
FN:57,(anonymous_0)
FNF:1
FNH:0
FNDA:0,(anonymous_0)
DA:1,0
DA:4,0
DA:57,0
DA:58,0
DA:59,0
DA:62,0
LF:6
LH:0
BRF:0
BRH:0
end_of_record
TN:
SF:modules\lab-workflow\Model\TestResult.js
FN:152,(anonymous_0)
FNF:1
FNH:0
FNDA:0,(anonymous_0)
DA:1,0
DA:3,0
DA:27,0
DA:50,0
DA:152,0
DA:153,0
DA:154,0
DA:158,0
DA:159,0
DA:160,0
DA:162,0
DA:164,0
LF:12
LH:0
BRF:0
BRH:0
end_of_record
TN:
SF:modules\lab-workflow\Route\LabTestRoutes.js
FN:53,(anonymous_0)
FN:120,(anonymous_1)
FNF:2
FNH:0
FNDA:0,(anonymous_0)
FNDA:0,(anonymous_1)
DA:1,0
DA:2,0
DA:15,0
DA:20,0
DA:23,0
DA:26,0
DA:29,0
DA:32,0
DA:35,0
DA:38,0
DA:41,0
DA:44,0
DA:47,0
DA:50,0
DA:53,0
DA:54,0
DA:55,0
DA:56,0
DA:58,0
DA:91,0
DA:93,0
DA:94,0
DA:96,0
DA:97,0
DA:98,0
DA:99,0
DA:103,0
DA:110,0
DA:111,0
DA:120,0
DA:121,0
DA:122,0
DA:123,0
DA:125,0
DA:186,0
DA:187,0
DA:188,0
DA:190,0
DA:191,0
DA:192,0
DA:193,0
DA:197,0
DA:207,0
DA:208,0
DA:216,0
LF:45
LH:0
BRDA:96,0,0,0
BRDA:96,0,1,0
BRDA:190,1,0,0
BRDA:190,1,1,0
BRF:4
BRH:0
end_of_record
TN:
SF:modules\lab-workflow\Route\dashboardRoutes.js
FNF:0
FNH:0
DA:1,0
DA:2,0
DA:6,0
DA:9,0
DA:12,0
DA:14,0
LF:6
LH:0
BRF:0
BRH:0
end_of_record
TN:
SF:modules\lab-workflow\Route\labTaskRoutes.js
FNF:0
FNH:0
DA:1,0
DA:2,0
DA:3,0
DA:6,0
DA:9,0
DA:18,0
DA:21,0
DA:24,0
DA:27,0
DA:30,0
DA:33,0
DA:36,0
DA:41,0
DA:44,0
DA:47,0
DA:50,0
DA:53,0
DA:56,0
DA:59,0
DA:62,0
DA:65,0
DA:68,0
DA:70,0
LF:23
LH:0
BRF:0
BRH:0
end_of_record
TN:
SF:modules\lab-workflow\Route\patientRoutes.js
FNF:0
FNH:0
DA:1,0
DA:2,0
DA:3,0
DA:6,0
DA:9,0
DA:12,0
DA:15,0
DA:18,0
DA:20,0
LF:9
LH:0
BRF:0
BRH:0
end_of_record
TN:
SF:modules\lab-workflow\Route\testResultRoutes-simple.js
FN:5,(anonymous_0)
FNF:1
FNH:0
FNDA:0,(anonymous_0)
DA:1,0
DA:2,0
DA:5,0
DA:6,0
DA:9,0
DA:109,0
LF:6
LH:0
BRF:0
BRH:0
end_of_record
TN:
SF:modules\lab-workflow\Route\testResultRoutes.js
FNF:0
FNH:0
DA:1,0
DA:2,0
DA:3,0
DA:8,0
DA:11,0
DA:14,0
DA:17,0
DA:20,0
DA:23,0
DA:29,0
DA:32,0
DA:35,0
DA:38,0
DA:41,0
DA:44,0
DA:47,0
DA:50,0
DA:52,0
LF:18
LH:0
BRF:0
BRH:0
end_of_record
TN:
SF:modules\lab-workflow\Route\testRoutes.js
FNF:0
FNH:0
DA:1,0
DA:2,0
DA:3,0
DA:6,0
DA:7,0
DA:9,0
LF:6
LH:0
BRF:0
BRH:0
end_of_record
TN:
SF:modules\patient-interaction\models\Appointments.js
FN:43,(anonymous_0)
FN:73,(anonymous_1)
FN:82,(anonymous_2)
FN:129,(anonymous_3)
FN:134,(anonymous_4)
FN:139,(anonymous_5)
FN:159,(anonymous_6)
FNF:7
FNH:0
FNDA:0,(anonymous_0)
FNDA:0,(anonymous_1)
FNDA:0,(anonymous_2)
FNDA:0,(anonymous_3)
FNDA:0,(anonymous_4)
FNDA:0,(anonymous_5)
FNDA:0,(anonymous_6)
DA:1,0
DA:4,0
DA:44,0
DA:74,0
DA:83,0
DA:126,0
DA:129,0
DA:130,0
DA:134,0
DA:135,0
DA:136,0
DA:138,0
DA:139,0
DA:140,0
DA:141,0
DA:144,0
DA:145,0
DA:147,0
DA:148,0
DA:149,0
DA:152,0
DA:154,0
DA:159,0
DA:160,0
DA:161,0
DA:164,0
DA:166,0
LF:27
LH:0
BRDA:74,0,0,0
BRDA:74,0,1,0
BRDA:83,1,0,0
BRDA:83,1,1,0
BRDA:136,2,0,0
BRDA:136,2,1,0
BRDA:136,3,0,0
BRDA:136,3,1,0
BRDA:140,4,0,0
BRDA:140,4,1,0
BRDA:140,5,0,0
BRDA:140,5,1,0
BRDA:148,6,0,0
BRDA:148,6,1,0
BRDA:164,7,0,0
BRDA:164,7,1,0
BRF:16
BRH:0
end_of_record
TN:
SF:modules\patient-interaction\models\Doctor.js
FNF:0
FNH:0
DA:1,0
DA:3,0
DA:12,0
DA:13,0
LF:4
LH:0
BRDA:12,0,0,0
BRDA:12,0,1,0
BRF:2
BRH:0
end_of_record
TN:
SF:modules\patient-interaction\models\Feedbacks.js
FNF:0
FNH:0
DA:1,0
DA:3,0
DA:38,0
LF:3
LH:0
BRDA:38,0,0,0
BRDA:38,0,1,0
BRF:2
BRH:0
end_of_record
TN:
SF:modules\patient-interaction\models\Patient.js
FN:37,(anonymous_0)
FNF:1
FNH:0
FNDA:0,(anonymous_0)
DA:1,0
DA:3,0
DA:36,0
DA:38,0
DA:39,0
DA:46,0
DA:47,0
LF:7
LH:0
BRDA:46,0,0,0
BRDA:46,0,1,0
BRF:2
BRH:0
end_of_record
TN:
SF:modules\patient-interaction\routes\appointments.js
FN:14,(anonymous_0)
FN:19,(anonymous_1)
FN:25,(anonymous_2)
FN:82,(anonymous_3)
FN:98,(anonymous_4)
FN:104,(anonymous_5)
FN:119,(anonymous_6)
FN:120,(anonymous_7)
FN:123,(anonymous_8)
FN:124,(anonymous_9)
FN:140,(anonymous_10)
FN:174,(anonymous_11)
FN:182,(anonymous_12)
FN:202,(anonymous_13)
FN:235,(anonymous_14)
FN:245,(anonymous_15)
FN:269,(anonymous_16)
FN:304,(anonymous_17)
FN:316,(anonymous_18)
FN:323,(anonymous_19)
FN:344,(anonymous_20)
FN:364,(anonymous_21)
FN:379,(anonymous_22)
FN:400,(anonymous_23)
FN:415,(anonymous_24)
FNF:25
FNH:0
FNDA:0,(anonymous_0)
FNDA:0,(anonymous_1)
FNDA:0,(anonymous_2)
FNDA:0,(anonymous_3)
FNDA:0,(anonymous_4)
FNDA:0,(anonymous_5)
FNDA:0,(anonymous_6)
FNDA:0,(anonymous_7)
FNDA:0,(anonymous_8)
FNDA:0,(anonymous_9)
FNDA:0,(anonymous_10)
FNDA:0,(anonymous_11)
FNDA:0,(anonymous_12)
FNDA:0,(anonymous_13)
FNDA:0,(anonymous_14)
FNDA:0,(anonymous_15)
FNDA:0,(anonymous_16)
FNDA:0,(anonymous_17)
FNDA:0,(anonymous_18)
FNDA:0,(anonymous_19)
FNDA:0,(anonymous_20)
FNDA:0,(anonymous_21)
FNDA:0,(anonymous_22)
FNDA:0,(anonymous_23)
FNDA:0,(anonymous_24)
DA:1,0
DA:2,0
DA:3,0
DA:4,0
DA:5,0
DA:6,0
DA:8,0
DA:11,0
DA:14,0
DA:15,0
DA:19,0
DA:20,0
DA:25,0
DA:26,0
DA:28,0
DA:49,0
DA:50,0
DA:66,0
DA:67,0
DA:68,0
DA:71,0
DA:72,0
DA:73,0
DA:78,0
DA:79,0
DA:81,0
DA:82,0
DA:84,0
DA:85,0
DA:87,0
DA:89,0
DA:91,0
DA:92,0
DA:98,0
DA:99,0
DA:100,0
DA:104,0
DA:105,0
DA:106,0
DA:107,0
DA:108,0
DA:118,0
DA:119,0
DA:120,0
DA:121,0
DA:122,0
DA:123,0
DA:124,0
DA:125,0
DA:126,0
DA:128,0
DA:132,0
DA:134,0
DA:140,0
DA:141,0
DA:142,0
DA:146,0
DA:148,0
DA:149,0
DA:150,0
DA:153,0
DA:154,0
DA:155,0
DA:158,0
DA:166,0
DA:168,0
DA:174,0
DA:175,0
DA:176,0
DA:177,0
DA:182,0
DA:183,0
DA:184,0
DA:185,0
DA:186,0
DA:195,0
DA:197,0
DA:202,0
DA:203,0
DA:205,0
DA:226,0
DA:227,0
DA:228,0
DA:230,0
DA:235,0
DA:236,0
DA:237,0
DA:238,0
DA:240,0
DA:245,0
DA:246,0
DA:247,0
DA:248,0
DA:249,0
DA:250,0
DA:251,0
DA:252,0
DA:253,0
DA:254,0
DA:255,0
DA:256,0
DA:264,0
DA:269,0
DA:270,0
DA:271,0
DA:272,0
DA:273,0
DA:274,0
DA:275,0
DA:277,0
DA:278,0
DA:279,0
DA:280,0
DA:282,0
DA:283,0
DA:285,0
DA:286,0
DA:287,0
DA:288,0
DA:289,0
DA:299,0
DA:304,0
DA:305,0
DA:306,0
DA:307,0
DA:308,0
DA:309,0
DA:310,0
DA:311,0
DA:312,0
DA:313,0
DA:315,0
DA:316,0
DA:318,0
DA:323,0
DA:324,0
DA:325,0
DA:326,0
DA:327,0
DA:328,0
DA:329,0
DA:330,0
DA:331,0
DA:332,0
DA:333,0
DA:335,0
DA:336,0
DA:337,0
DA:338,0
DA:339,0
DA:340,0
DA:343,0
DA:344,0
DA:358,0
DA:364,0
DA:365,0
DA:366,0
DA:367,0
DA:368,0
DA:369,0
DA:370,0
DA:371,0
DA:372,0
DA:373,0
DA:374,0
DA:375,0
DA:376,0
DA:378,0
DA:379,0
DA:394,0
DA:400,0
DA:401,0
DA:402,0
DA:403,0
DA:406,0
DA:407,0
DA:408,0
DA:409,0
DA:410,0
DA:411,0
DA:413,0
DA:415,0
DA:429,0
DA:431,0
DA:435,0
LF:185
LH:0
BRDA:35,0,0,0
BRDA:35,0,1,0
BRDA:41,1,0,0
BRDA:41,1,1,0
BRDA:43,2,0,0
BRDA:43,2,1,0
BRDA:49,3,0,0
BRDA:49,3,1,0
BRDA:63,4,0,0
BRDA:63,4,1,0
BRDA:63,5,0,0
BRDA:63,5,1,0
BRDA:67,6,0,0
BRDA:67,6,1,0
BRDA:67,7,0,0
BRDA:67,7,1,0
BRDA:67,7,2,0
BRDA:78,8,0,0
BRDA:78,8,1,0
BRDA:84,9,0,0
BRDA:84,9,1,0
BRDA:91,10,0,0
BRDA:91,10,1,0
BRDA:91,11,0,0
BRDA:91,11,1,0
BRDA:105,12,0,0
BRDA:105,12,1,0
BRDA:106,13,0,0
BRDA:106,13,1,0
BRDA:106,14,0,0
BRDA:106,14,1,0
BRDA:107,15,0,0
BRDA:107,15,1,0
BRDA:107,16,0,0
BRDA:107,16,1,0
BRDA:112,17,0,0
BRDA:112,17,1,0
BRDA:112,18,0,0
BRDA:112,18,1,0
BRDA:112,19,0,0
BRDA:112,19,1,0
BRDA:113,20,0,0
BRDA:113,20,1,0
BRDA:113,21,0,0
BRDA:113,21,1,0
BRDA:113,22,0,0
BRDA:113,22,1,0
BRDA:119,23,0,0
BRDA:119,23,1,0
BRDA:119,23,2,0
BRDA:121,24,0,0
BRDA:121,24,1,0
BRDA:125,25,0,0
BRDA:125,25,1,0
BRDA:125,26,0,0
BRDA:125,26,1,0
BRDA:146,27,0,0
BRDA:146,27,1,0
BRDA:148,28,0,0
BRDA:148,28,1,0
BRDA:149,29,0,0
BRDA:149,29,1,0
BRDA:149,30,0,0
BRDA:149,30,1,0
BRDA:150,31,0,0
BRDA:150,31,1,0
BRDA:150,32,0,0
BRDA:150,32,1,0
BRDA:153,33,0,0
BRDA:153,33,1,0
BRDA:153,34,0,0
BRDA:153,34,1,0
BRDA:153,34,2,0
BRDA:153,34,3,0
BRDA:155,35,0,0
BRDA:155,35,1,0
BRDA:155,36,0,0
BRDA:155,36,1,0
BRDA:162,37,0,0
BRDA:162,37,1,0
BRDA:162,38,0,0
BRDA:162,38,1,0
BRDA:162,39,0,0
BRDA:162,39,1,0
BRDA:163,40,0,0
BRDA:163,40,1,0
BRDA:163,41,0,0
BRDA:163,41,1,0
BRDA:163,42,0,0
BRDA:163,42,1,0
BRDA:183,43,0,0
BRDA:183,43,1,0
BRDA:184,44,0,0
BRDA:184,44,1,0
BRDA:184,45,0,0
BRDA:184,45,1,0
BRDA:185,46,0,0
BRDA:185,46,1,0
BRDA:185,47,0,0
BRDA:185,47,1,0
BRDA:190,48,0,0
BRDA:190,48,1,0
BRDA:190,49,0,0
BRDA:190,49,1,0
BRDA:190,50,0,0
BRDA:190,50,1,0
BRDA:191,51,0,0
BRDA:191,51,1,0
BRDA:191,52,0,0
BRDA:191,52,1,0
BRDA:191,53,0,0
BRDA:191,53,1,0
BRDA:212,54,0,0
BRDA:212,54,1,0
BRDA:218,55,0,0
BRDA:218,55,1,0
BRDA:220,56,0,0
BRDA:220,56,1,0
BRDA:250,57,0,0
BRDA:250,57,1,0
BRDA:252,58,0,0
BRDA:252,58,1,0
BRDA:254,59,0,0
BRDA:254,59,1,0
BRDA:273,60,0,0
BRDA:273,60,1,0
BRDA:273,61,0,0
BRDA:273,61,1,0
BRDA:275,62,0,0
BRDA:275,62,1,0
BRDA:277,63,0,0
BRDA:277,63,1,0
BRDA:278,64,0,0
BRDA:278,64,1,0
BRDA:280,65,0,0
BRDA:280,65,1,0
BRDA:282,66,0,0
BRDA:282,66,1,0
BRDA:282,67,0,0
BRDA:282,67,1,0
BRDA:286,68,0,0
BRDA:286,68,1,0
BRDA:286,69,0,0
BRDA:286,69,1,0
BRDA:308,70,0,0
BRDA:308,70,1,0
BRDA:310,71,0,0
BRDA:310,71,1,0
BRDA:326,72,0,0
BRDA:326,72,1,0
BRDA:329,73,0,0
BRDA:329,73,1,0
BRDA:331,74,0,0
BRDA:331,74,1,0
BRDA:335,75,0,0
BRDA:335,75,1,0
BRDA:335,76,0,0
BRDA:335,76,1,0
BRDA:338,77,0,0
BRDA:338,77,1,0
BRDA:338,78,0,0
BRDA:338,78,1,0
BRDA:367,79,0,0
BRDA:367,79,1,0
BRDA:369,80,0,0
BRDA:369,80,1,0
BRDA:370,81,0,0
BRDA:370,81,1,0
BRDA:372,82,0,0
BRDA:372,82,1,0
BRDA:373,83,0,0
BRDA:373,83,1,0
BRDA:373,84,0,0
BRDA:373,84,1,0
BRDA:376,85,0,0
BRDA:376,85,1,0
BRDA:376,86,0,0
BRDA:376,86,1,0
BRDA:403,87,0,0
BRDA:403,87,1,0
BRDA:407,88,0,0
BRDA:407,88,1,0
BRDA:408,89,0,0
BRDA:408,89,1,0
BRDA:409,90,0,0
BRDA:409,90,1,0
BRDA:410,91,0,0
BRDA:410,91,1,0
BRF:188
BRH:0
end_of_record
TN:
SF:modules\patient-interaction\routes\feedbacks.js
FN:9,(anonymous_0)
FN:16,(anonymous_1)
FN:50,(anonymous_2)
FN:78,(anonymous_3)
FN:111,(anonymous_4)
FN:114,(anonymous_5)
FN:139,(anonymous_6)
FN:166,(anonymous_7)
FN:188,(anonymous_8)
FNF:9
FNH:0
FNDA:0,(anonymous_0)
FNDA:0,(anonymous_1)
FNDA:0,(anonymous_2)
FNDA:0,(anonymous_3)
FNDA:0,(anonymous_4)
FNDA:0,(anonymous_5)
FNDA:0,(anonymous_6)
FNDA:0,(anonymous_7)
FNDA:0,(anonymous_8)
DA:1,0
DA:2,0
DA:3,0
DA:5,0
DA:9,0
DA:10,0
DA:16,0
DA:17,0
DA:19,0
DA:21,0
DA:23,0
DA:24,0
DA:27,0
DA:38,0
DA:39,0
DA:40,0
DA:44,0
DA:50,0
DA:51,0
DA:52,0
DA:53,0
DA:54,0
DA:55,0
DA:56,0
DA:57,0
DA:70,0
DA:72,0
DA:78,0
DA:79,0
DA:80,0
DA:81,0
DA:82,0
DA:83,0
DA:84,0
DA:95,0
DA:101,0
DA:102,0
DA:103,0
DA:105,0
DA:111,0
DA:112,0
DA:113,0
DA:114,0
DA:115,0
DA:116,0
DA:117,0
DA:131,0
DA:133,0
DA:139,0
DA:140,0
DA:141,0
DA:142,0
DA:143,0
DA:144,0
DA:145,0
DA:158,0
DA:160,0
DA:166,0
DA:167,0
DA:168,0
DA:170,0
DA:173,0
DA:174,0
DA:175,0
DA:176,0
DA:180,0
DA:181,0
DA:183,0
DA:188,0
DA:189,0
DA:190,0
DA:191,0
DA:193,0
DA:197,0
LF:74
LH:0
BRDA:23,0,0,0
BRDA:23,0,1,0
BRDA:54,1,0,0
BRDA:54,1,1,0
BRDA:55,2,0,0
BRDA:55,2,1,0
BRDA:56,3,0,0
BRDA:56,3,1,0
BRDA:56,4,0,0
BRDA:56,4,1,0
BRDA:59,5,0,0
BRDA:59,5,1,0
BRDA:60,6,0,0
BRDA:60,6,1,0
BRDA:61,7,0,0
BRDA:61,7,1,0
BRDA:61,8,0,0
BRDA:61,8,1,0
BRDA:81,9,0,0
BRDA:81,9,1,0
BRDA:83,10,0,0
BRDA:83,10,1,0
BRDA:101,11,0,0
BRDA:101,11,1,0
BRDA:102,12,0,0
BRDA:102,12,1,0
BRDA:115,13,0,0
BRDA:115,13,1,0
BRDA:116,14,0,0
BRDA:116,14,1,0
BRDA:116,15,0,0
BRDA:116,15,1,0
BRDA:119,16,0,0
BRDA:119,16,1,0
BRDA:120,17,0,0
BRDA:120,17,1,0
BRDA:121,18,0,0
BRDA:121,18,1,0
BRDA:121,19,0,0
BRDA:121,19,1,0
BRDA:142,20,0,0
BRDA:142,20,1,0
BRDA:143,21,0,0
BRDA:143,21,1,0
BRDA:144,22,0,0
BRDA:144,22,1,0
BRDA:144,23,0,0
BRDA:144,23,1,0
BRDA:147,24,0,0
BRDA:147,24,1,0
BRDA:148,25,0,0
BRDA:148,25,1,0
BRDA:149,26,0,0
BRDA:149,26,1,0
BRDA:149,27,0,0
BRDA:149,27,1,0
BRDA:173,28,0,0
BRDA:173,28,1,0
BRDA:175,29,0,0
BRDA:175,29,1,0
BRF:60
BRH:0
end_of_record
TN:
SF:modules\patient-interaction\routes\labInventoryErrorHandler.js
FN:4,(anonymous_0)
FN:14,(anonymous_1)
FN:36,(anonymous_2)
FN:60,(anonymous_3)
FN:60,(anonymous_4)
FN:65,(anonymous_5)
FN:74,(anonymous_6)
FNF:7
FNH:0
FNDA:0,(anonymous_0)
FNDA:0,(anonymous_1)
FNDA:0,(anonymous_2)
FNDA:0,(anonymous_3)
FNDA:0,(anonymous_4)
FNDA:0,(anonymous_5)
FNDA:0,(anonymous_6)
DA:5,0
DA:6,0
DA:7,0
DA:8,0
DA:9,0
DA:14,0
DA:15,0
DA:16,0
DA:19,0
DA:22,0
DA:23,0
DA:24,0
DA:28,0
DA:29,0
DA:30,0
DA:31,0
DA:35,0
DA:36,0
DA:37,0
DA:41,0
DA:42,0
DA:43,0
DA:46,0
DA:47,0
DA:48,0
DA:51,0
DA:60,0
DA:61,0
DA:65,0
DA:66,0
DA:74,0
DA:75,0
DA:82,0
LF:33
LH:0
BRDA:4,0,0,0
BRDA:4,1,0,0
BRDA:22,2,0,0
BRDA:22,2,1,0
BRDA:28,3,0,0
BRDA:28,3,1,0
BRDA:35,4,0,0
BRDA:35,4,1,0
BRDA:41,5,0,0
BRDA:41,5,1,0
BRDA:46,6,0,0
BRDA:46,6,1,0
BRDA:51,7,0,0
BRDA:51,7,1,0
BRDA:53,8,0,0
BRDA:53,8,1,0
BRDA:54,9,0,0
BRDA:54,9,1,0
BRDA:55,10,0,0
BRDA:55,10,1,0
BRDA:65,11,0,0
BRDA:65,12,0,0
BRDA:74,13,0,0
BRDA:74,14,0,0
BRF:24
BRH:0
end_of_record
TN:
SF:modules\patient-interaction\routes\labInventoryValidation.js
FN:39,(anonymous_0)
FN:45,(anonymous_1)
FN:55,(anonymous_2)
FN:61,(anonymous_3)
FN:71,(anonymous_4)
FN:77,(anonymous_5)
FN:88,(anonymous_6)
FNF:7
FNH:0
FNDA:0,(anonymous_0)
FNDA:0,(anonymous_1)
FNDA:0,(anonymous_2)
FNDA:0,(anonymous_3)
FNDA:0,(anonymous_4)
FNDA:0,(anonymous_5)
FNDA:0,(anonymous_6)
DA:1,0
DA:4,0
DA:14,0
DA:24,0
DA:39,0
DA:40,0
DA:41,0
DA:42,0
DA:45,0
DA:51,0
DA:52,0
DA:55,0
DA:56,0
DA:57,0
DA:58,0
DA:61,0
DA:67,0
DA:68,0
DA:71,0
DA:72,0
DA:73,0
DA:74,0
DA:77,0
DA:83,0
DA:84,0
DA:88,0
DA:89,0
DA:90,0
DA:91,0
DA:96,0
DA:99,0
LF:31
LH:0
BRDA:41,0,0,0
BRDA:41,0,1,0
BRDA:57,1,0,0
BRDA:57,1,1,0
BRDA:73,2,0,0
BRDA:73,2,1,0
BRDA:90,3,0,0
BRDA:90,3,1,0
BRF:8
BRH:0
end_of_record
TN:
SF:modules\patient-interaction\routes\medicineInventoryValidation.js
FN:47,(anonymous_0)
FN:53,(anonymous_1)
FN:63,(anonymous_2)
FN:69,(anonymous_3)
FN:79,(anonymous_4)
FN:85,(anonymous_5)
FN:96,(anonymous_6)
FNF:7
FNH:0
FNDA:0,(anonymous_0)
FNDA:0,(anonymous_1)
FNDA:0,(anonymous_2)
FNDA:0,(anonymous_3)
FNDA:0,(anonymous_4)
FNDA:0,(anonymous_5)
FNDA:0,(anonymous_6)
DA:1,0
DA:4,0
DA:17,0
DA:30,0
DA:47,0
DA:48,0
DA:49,0
DA:50,0
DA:53,0
DA:59,0
DA:60,0
DA:63,0
DA:64,0
DA:65,0
DA:66,0
DA:69,0
DA:75,0
DA:76,0
DA:79,0
DA:80,0
DA:81,0
DA:82,0
DA:85,0
DA:91,0
DA:92,0
DA:96,0
DA:97,0
DA:98,0
DA:99,0
DA:104,0
DA:107,0
LF:31
LH:0
BRDA:49,0,0,0
BRDA:49,0,1,0
BRDA:65,1,0,0
BRDA:65,1,1,0
BRDA:81,2,0,0
BRDA:81,2,1,0
BRDA:98,3,0,0
BRDA:98,3,1,0
BRF:8
BRH:0
end_of_record
TN:
SF:modules\patient-interaction\routes\patients.js
FN:11,(anonymous_0)
FN:17,(anonymous_1)
FN:18,(anonymous_2)
FN:27,(anonymous_3)
FN:68,(anonymous_4)
FN:85,(anonymous_5)
FN:99,(anonymous_6)
FN:112,(anonymous_7)
FN:130,(anonymous_8)
FN:147,(anonymous_9)
FN:161,(anonymous_10)
FN:174,(anonymous_11)
FN:181,(anonymous_12)
FN:200,(anonymous_13)
FN:214,(anonymous_14)
FN:221,(anonymous_15)
FN:231,(anonymous_16)
FNF:17
FNH:0
FNDA:0,(anonymous_0)
FNDA:0,(anonymous_1)
FNDA:0,(anonymous_2)
FNDA:0,(anonymous_3)
FNDA:0,(anonymous_4)
FNDA:0,(anonymous_5)
FNDA:0,(anonymous_6)
FNDA:0,(anonymous_7)
FNDA:0,(anonymous_8)
FNDA:0,(anonymous_9)
FNDA:0,(anonymous_10)
FNDA:0,(anonymous_11)
FNDA:0,(anonymous_12)
FNDA:0,(anonymous_13)
FNDA:0,(anonymous_14)
FNDA:0,(anonymous_15)
FNDA:0,(anonymous_16)
DA:1,0
DA:2,0
DA:3,0
DA:4,0
DA:5,0
DA:6,0
DA:8,0
DA:11,0
DA:14,0
DA:15,0
DA:16,0
DA:17,0
DA:19,0
DA:20,0
DA:21,0
DA:24,0
DA:27,0
DA:28,0
DA:29,0
DA:30,0
DA:31,0
DA:33,0
DA:34,0
DA:37,0
DA:38,0
DA:39,0
DA:41,0
DA:42,0
DA:45,0
DA:60,0
DA:62,0
DA:63,0
DA:68,0
DA:69,0
DA:70,0
DA:71,0
DA:72,0
DA:73,0
DA:77,0
DA:79,0
DA:80,0
DA:85,0
DA:86,0
DA:87,0
DA:88,0
DA:89,0
DA:90,0
DA:91,0
DA:93,0
DA:94,0
DA:99,0
DA:100,0
DA:101,0
DA:102,0
DA:103,0
DA:104,0
DA:106,0
DA:107,0
DA:112,0
DA:113,0
DA:114,0
DA:115,0
DA:116,0
DA:117,0
DA:118,0
DA:120,0
DA:121,0
DA:122,0
DA:124,0
DA:125,0
DA:130,0
DA:131,0
DA:132,0
DA:133,0
DA:134,0
DA:135,0
DA:137,0
DA:138,0
DA:139,0
DA:141,0
DA:142,0
DA:147,0
DA:148,0
DA:149,0
DA:150,0
DA:151,0
DA:152,0
DA:153,0
DA:155,0
DA:156,0
DA:161,0
DA:162,0
DA:163,0
DA:164,0
DA:165,0
DA:166,0
DA:168,0
DA:169,0
DA:174,0
DA:175,0
DA:176,0
DA:177,0
DA:178,0
DA:179,0
DA:181,0
DA:190,0
DA:191,0
DA:192,0
DA:194,0
DA:195,0
DA:200,0
DA:201,0
DA:202,0
DA:203,0
DA:204,0
DA:205,0
DA:206,0
DA:208,0
DA:209,0
DA:214,0
DA:215,0
DA:216,0
DA:217,0
DA:218,0
DA:219,0
DA:220,0
DA:221,0
DA:222,0
DA:224,0
DA:225,0
DA:226,0
DA:229,0
DA:230,0
DA:231,0
DA:233,0
DA:235,0
DA:236,0
DA:240,0
LF:138
LH:0
BRDA:15,0,0,0
BRDA:15,0,1,0
BRDA:20,1,0,0
BRDA:20,1,1,0
BRDA:29,2,0,0
BRDA:29,2,1,0
BRDA:30,3,0,0
BRDA:30,3,1,0
BRDA:30,4,0,0
BRDA:30,4,1,0
BRDA:34,5,0,0
BRDA:34,5,1,0
BRDA:38,6,0,0
BRDA:38,6,1,0
BRDA:38,7,0,0
BRDA:38,7,1,0
BRDA:38,7,2,0
BRDA:38,7,3,0
BRDA:41,8,0,0
BRDA:41,8,1,0
BRDA:41,9,0,0
BRDA:41,9,1,0
BRDA:63,10,0,0
BRDA:63,10,1,0
BRDA:70,11,0,0
BRDA:70,11,1,0
BRDA:71,12,0,0
BRDA:71,12,1,0
BRDA:80,13,0,0
BRDA:80,13,1,0
BRDA:88,14,0,0
BRDA:88,14,1,0
BRDA:90,15,0,0
BRDA:90,15,1,0
BRDA:94,16,0,0
BRDA:94,16,1,0
BRDA:103,17,0,0
BRDA:103,17,1,0
BRDA:107,18,0,0
BRDA:107,18,1,0
BRDA:115,19,0,0
BRDA:115,19,1,0
BRDA:116,20,0,0
BRDA:116,20,1,0
BRDA:117,21,0,0
BRDA:117,21,1,0
BRDA:117,22,0,0
BRDA:117,22,1,0
BRDA:117,22,2,0
BRDA:121,23,0,0
BRDA:121,23,1,0
BRDA:125,24,0,0
BRDA:125,24,1,0
BRDA:133,25,0,0
BRDA:133,25,1,0
BRDA:134,26,0,0
BRDA:134,26,1,0
BRDA:134,27,0,0
BRDA:134,27,1,0
BRDA:134,27,2,0
BRDA:138,28,0,0
BRDA:138,28,1,0
BRDA:142,29,0,0
BRDA:142,29,1,0
BRDA:150,30,0,0
BRDA:150,30,1,0
BRDA:152,31,0,0
BRDA:152,31,1,0
BRDA:156,32,0,0
BRDA:156,32,1,0
BRDA:165,33,0,0
BRDA:165,33,1,0
BRDA:169,34,0,0
BRDA:169,34,1,0
BRDA:177,35,0,0
BRDA:177,35,1,0
BRDA:179,36,0,0
BRDA:179,36,1,0
BRDA:181,37,0,0
BRDA:181,37,1,0
BRDA:190,38,0,0
BRDA:190,38,1,0
BRDA:195,39,0,0
BRDA:195,39,1,0
BRDA:203,40,0,0
BRDA:203,40,1,0
BRDA:205,41,0,0
BRDA:205,41,1,0
BRDA:206,42,0,0
BRDA:206,42,1,0
BRDA:209,43,0,0
BRDA:209,43,1,0
BRDA:217,44,0,0
BRDA:217,44,1,0
BRDA:219,45,0,0
BRDA:219,45,1,0
BRDA:220,46,0,0
BRDA:220,46,1,0
BRDA:222,47,0,0
BRDA:222,47,1,0
BRDA:229,48,0,0
BRDA:229,48,1,0
BRDA:231,49,0,0
BRDA:231,49,1,0
BRDA:236,50,0,0
BRDA:236,50,1,0
BRF:106
BRH:0
end_of_record
TN:
SF:modules\patient-interaction\routes\prescriptions.js
FN:11,normalize
FN:24,(anonymous_1)
FN:35,(anonymous_2)
FN:38,(anonymous_3)
FN:46,(anonymous_4)
FN:58,(anonymous_5)
FN:66,(anonymous_6)
FNF:7
FNH:0
FNDA:0,normalize
FNDA:0,(anonymous_1)
FNDA:0,(anonymous_2)
FNDA:0,(anonymous_3)
FNDA:0,(anonymous_4)
FNDA:0,(anonymous_5)
FNDA:0,(anonymous_6)
DA:1,0
DA:2,0
DA:5,0
DA:6,0
DA:8,0
DA:12,0
DA:13,0
DA:14,0
DA:24,0
DA:35,0
DA:36,0
DA:37,0
DA:38,0
DA:39,0
DA:41,0
DA:46,0
DA:47,0
DA:48,0
DA:49,0
DA:52,0
DA:53,0
DA:55,0
DA:58,0
DA:59,0
DA:61,0
DA:66,0
DA:67,0
DA:68,0
DA:69,0
DA:71,0
DA:72,0
DA:73,0
DA:75,0
DA:79,0
LF:34
LH:0
BRDA:6,0,0,0
BRDA:6,0,1,0
BRDA:12,1,0,0
BRDA:12,1,1,0
BRDA:13,2,0,0
BRDA:13,2,1,0
BRDA:13,2,2,0
BRDA:15,3,0,0
BRDA:15,3,1,0
BRDA:15,4,0,0
BRDA:15,4,1,0
BRDA:16,5,0,0
BRDA:16,5,1,0
BRDA:16,6,0,0
BRDA:16,6,1,0
BRDA:17,7,0,0
BRDA:17,7,1,0
BRDA:17,7,2,0
BRDA:18,8,0,0
BRDA:18,8,1,0
BRDA:18,8,2,0
BRDA:19,9,0,0
BRDA:19,9,1,0
BRDA:19,9,2,0
BRDA:20,10,0,0
BRDA:20,10,1,0
BRDA:21,11,0,0
BRDA:21,11,1,0
BRDA:21,11,2,0
BRDA:22,12,0,0
BRDA:22,12,1,0
BRDA:22,12,2,0
BRDA:23,13,0,0
BRDA:23,13,1,0
BRDA:23,13,2,0
BRDA:24,14,0,0
BRDA:24,14,1,0
BRDA:25,15,0,0
BRDA:25,15,1,0
BRDA:25,15,2,0
BRDA:26,16,0,0
BRDA:26,16,1,0
BRDA:26,16,2,0
BRDA:27,17,0,0
BRDA:27,17,1,0
BRDA:27,17,2,0
BRDA:28,18,0,0
BRDA:28,18,1,0
BRDA:28,18,2,0
BRDA:29,19,0,0
BRDA:29,19,1,0
BRDA:30,20,0,0
BRDA:30,20,1,0
BRDA:30,20,2,0
BRDA:38,21,0,0
BRDA:38,21,1,0
BRDA:49,22,0,0
BRDA:49,22,1,0
BRDA:49,23,0,0
BRDA:49,23,1,0
BRDA:52,24,0,0
BRDA:52,24,1,0
BRDA:53,25,0,0
BRDA:53,25,1,0
BRDA:58,26,0,0
BRDA:58,26,1,0
BRDA:69,27,0,0
BRDA:69,27,1,0
BRDA:72,28,0,0
BRDA:72,28,1,0
BRDA:73,29,0,0
BRDA:73,29,1,0
BRF:72
BRH:0
end_of_record
TN:
SF:modules\patient-interaction\routes\validation.js
FN:12,buildError
FN:14,sanitizeText
FN:19,containsHtml
FN:21,validatePatient
FN:66,(anonymous_4)
FN:87,validatePrescription
FN:136,(anonymous_6)
FNF:7
FNH:0
FNDA:0,buildError
FNDA:0,sanitizeText
FNDA:0,containsHtml
FNDA:0,validatePatient
FNDA:0,(anonymous_4)
FNDA:0,validatePrescription
FNDA:0,(anonymous_6)
DA:4,0
DA:5,0
DA:6,0
DA:7,0
DA:8,0
DA:9,0
DA:10,0
DA:12,0
DA:15,0
DA:16,0
DA:19,0
DA:22,0
DA:24,0
DA:25,0
DA:27,0
DA:28,0
DA:30,0
DA:31,0
DA:34,0
DA:35,0
DA:36,0
DA:38,0
DA:39,0
DA:41,0
DA:42,0
DA:43,0
DA:46,0
DA:47,0
DA:48,0
DA:50,0
DA:53,0
DA:54,0
DA:55,0
DA:57,0
DA:58,0
DA:60,0
DA:61,0
DA:62,0
DA:65,0
DA:66,0
DA:67,0
DA:68,0
DA:69,0
DA:70,0
DA:71,0
DA:75,0
DA:76,0
DA:78,0
DA:79,0
DA:80,0
DA:81,0
DA:83,0
DA:84,0
DA:88,0
DA:89,0
DA:91,0
DA:92,0
DA:94,0
DA:95,0
DA:98,0
DA:99,0
DA:100,0
DA:102,0
DA:103,0
DA:104,0
DA:106,0
DA:107,0
DA:108,0
DA:109,0
DA:111,0
DA:112,0
DA:113,0
DA:114,0
DA:115,0
DA:117,0
DA:118,0
DA:119,0
DA:120,0
DA:121,0
DA:125,0
DA:126,0
DA:127,0
DA:131,0
DA:132,0
DA:134,0
DA:135,0
DA:136,0
DA:137,0
DA:138,0
DA:140,0
DA:141,0
DA:142,0
DA:143,0
DA:145,0
DA:146,0
DA:147,0
DA:149,0
DA:150,0
DA:151,0
DA:154,0
DA:155,0
DA:157,0
DA:158,0
DA:160,0
DA:161,0
DA:165,0
DA:166,0
DA:169,0
LF:108
LH:0
BRDA:15,0,0,0
BRDA:15,0,1,0
BRDA:19,1,0,0
BRDA:19,1,1,0
BRDA:22,2,0,0
BRDA:22,2,1,0
BRDA:27,3,0,0
BRDA:27,3,1,0
BRDA:28,4,0,0
BRDA:28,4,1,0
BRDA:30,5,0,0
BRDA:30,5,1,0
BRDA:30,6,0,0
BRDA:30,6,1,0
BRDA:31,7,0,0
BRDA:31,7,1,0
BRDA:34,8,0,0
BRDA:34,8,1,0
BRDA:35,9,0,0
BRDA:35,9,1,0
BRDA:36,10,0,0
BRDA:36,10,1,0
BRDA:39,11,0,0
BRDA:39,11,1,0
BRDA:42,12,0,0
BRDA:42,12,1,0
BRDA:43,13,0,0
BRDA:43,13,1,0
BRDA:43,14,0,0
BRDA:43,14,1,0
BRDA:47,15,0,0
BRDA:47,15,1,0
BRDA:48,16,0,0
BRDA:48,16,1,0
BRDA:53,17,0,0
BRDA:53,17,1,0
BRDA:54,18,0,0
BRDA:54,18,1,0
BRDA:55,19,0,0
BRDA:55,19,1,0
BRDA:55,20,0,0
BRDA:55,20,1,0
BRDA:57,21,0,0
BRDA:57,21,1,0
BRDA:58,22,0,0
BRDA:58,22,1,0
BRDA:60,23,0,0
BRDA:60,23,1,0
BRDA:62,24,0,0
BRDA:62,24,1,0
BRDA:62,25,0,0
BRDA:62,25,1,0
BRDA:67,26,0,0
BRDA:67,26,1,0
BRDA:67,27,0,0
BRDA:67,27,1,0
BRDA:69,28,0,0
BRDA:69,28,1,0
BRDA:70,29,0,0
BRDA:70,29,1,0
BRDA:76,30,0,0
BRDA:76,30,1,0
BRDA:76,31,0,0
BRDA:76,31,1,0
BRDA:79,32,0,0
BRDA:79,32,1,0
BRDA:79,33,0,0
BRDA:79,33,1,0
BRDA:81,34,0,0
BRDA:81,34,1,0
BRDA:81,35,0,0
BRDA:81,35,1,0
BRDA:83,36,0,0
BRDA:83,36,1,0
BRDA:91,37,0,0
BRDA:91,37,1,0
BRDA:92,38,0,0
BRDA:92,38,1,0
BRDA:94,39,0,0
BRDA:94,39,1,0
BRDA:94,40,0,0
BRDA:94,40,1,0
BRDA:95,41,0,0
BRDA:95,41,1,0
BRDA:98,42,0,0
BRDA:98,42,1,0
BRDA:99,43,0,0
BRDA:99,43,1,0
BRDA:100,44,0,0
BRDA:100,44,1,0
BRDA:102,45,0,0
BRDA:102,45,1,0
BRDA:103,46,0,0
BRDA:103,46,1,0
BRDA:104,47,0,0
BRDA:104,47,1,0
BRDA:106,48,0,0
BRDA:106,48,1,0
BRDA:107,49,0,0
BRDA:107,49,1,0
BRDA:108,50,0,0
BRDA:108,50,1,0
BRDA:108,51,0,0
BRDA:108,51,1,0
BRDA:109,52,0,0
BRDA:109,52,1,0
BRDA:111,53,0,0
BRDA:111,53,1,0
BRDA:113,54,0,0
BRDA:113,54,1,0
BRDA:114,55,0,0
BRDA:114,55,1,0
BRDA:117,56,0,0
BRDA:117,56,1,0
BRDA:119,57,0,0
BRDA:119,57,1,0
BRDA:120,58,0,0
BRDA:120,58,1,0
BRDA:125,59,0,0
BRDA:125,59,1,0
BRDA:127,60,0,0
BRDA:127,60,1,0
BRDA:131,61,0,0
BRDA:131,61,1,0
BRDA:131,62,0,0
BRDA:131,62,1,0
BRDA:134,63,0,0
BRDA:134,63,1,0
BRDA:137,64,0,0
BRDA:137,64,1,0
BRDA:137,65,0,0
BRDA:137,65,1,0
BRDA:140,66,0,0
BRDA:140,66,1,0
BRDA:141,67,0,0
BRDA:141,67,1,0
BRDA:142,68,0,0
BRDA:142,68,1,0
BRDA:143,69,0,0
BRDA:143,69,1,0
BRDA:145,70,0,0
BRDA:145,70,1,0
BRDA:146,71,0,0
BRDA:146,71,1,0
BRDA:147,72,0,0
BRDA:147,72,1,0
BRDA:150,73,0,0
BRDA:150,73,1,0
BRDA:154,74,0,0
BRDA:154,74,1,0
BRDA:155,75,0,0
BRDA:155,75,1,0
BRDA:157,76,0,0
BRDA:157,76,1,0
BRDA:158,77,0,0
BRDA:158,77,1,0
BRDA:160,78,0,0
BRDA:160,78,1,0
BRDA:161,79,0,0
BRDA:161,79,1,0
BRDA:165,80,0,0
BRDA:165,80,1,0
BRF:162
BRH:0
end_of_record
TN:
SF:modules\pharmacy-inventory\controllers\Medicine_Inventory.js
FN:6,(anonymous_0)
FN:33,(anonymous_1)
FN:60,(anonymous_2)
FN:102,(anonymous_3)
FN:109,(anonymous_4)
FN:178,(anonymous_5)
FN:192,(anonymous_6)
FN:212,(anonymous_7)
FN:245,(anonymous_8)
FN:273,(anonymous_9)
FN:322,getMedicineByName
FN:342,dispenseByName
FN:368,dispenseBulk
FN:400,(anonymous_13)
FN:401,(anonymous_14)
FN:402,(anonymous_15)
FN:403,(anonymous_16)
FN:413,escapeRegex
FNF:18
FNH:0
FNDA:0,(anonymous_0)
FNDA:0,(anonymous_1)
FNDA:0,(anonymous_2)
FNDA:0,(anonymous_3)
FNDA:0,(anonymous_4)
FNDA:0,(anonymous_5)
FNDA:0,(anonymous_6)
FNDA:0,(anonymous_7)
FNDA:0,(anonymous_8)
FNDA:0,(anonymous_9)
FNDA:0,getMedicineByName
FNDA:0,dispenseByName
FNDA:0,dispenseBulk
FNDA:0,(anonymous_13)
FNDA:0,(anonymous_14)
FNDA:0,(anonymous_15)
FNDA:0,(anonymous_16)
FNDA:0,escapeRegex
DA:1,0
DA:6,0
DA:7,0
DA:8,0
DA:9,0
DA:10,0
DA:11,0
DA:12,0
DA:13,0
DA:15,0
DA:21,0
DA:22,0
DA:33,0
DA:34,0
DA:35,0
DA:37,0
DA:38,0
DA:44,0
DA:49,0
DA:60,0
DA:61,0
DA:62,0
DA:65,0
DA:66,0
DA:67,0
DA:68,0
DA:73,0
DA:75,0
DA:77,0
DA:79,0
DA:80,0
DA:81,0
DA:86,0
DA:91,0
DA:92,0
DA:93,0
DA:98,0
DA:102,0
DA:103,0
DA:104,0
DA:109,0
DA:110,0
DA:114,0
DA:115,0
DA:116,0
DA:117,0
DA:122,0
DA:123,0
DA:126,0
DA:127,0
DA:130,0
DA:143,0
DA:144,0
DA:145,0
DA:147,0
DA:148,0
DA:149,0
DA:150,0
DA:151,0
DA:152,0
DA:154,0
DA:156,0
DA:157,0
DA:158,0
DA:159,0
DA:160,0
DA:161,0
DA:162,0
DA:167,0
DA:168,0
DA:169,0
DA:171,0
DA:174,0
DA:177,0
DA:178,0
DA:179,0
DA:185,0
DA:192,0
DA:193,0
DA:195,0
DA:196,0
DA:197,0
DA:198,0
DA:200,0
DA:202,0
DA:203,0
DA:205,0
DA:206,0
DA:207,0
DA:209,0
DA:212,0
DA:213,0
DA:216,0
DA:222,0
DA:223,0
DA:229,0
DA:234,0
DA:245,0
DA:246,0
DA:247,0
DA:249,0
DA:250,0
DA:256,0
DA:257,0
DA:262,0
DA:273,0
DA:274,0
DA:275,0
DA:277,0
DA:278,0
DA:284,0
DA:285,0
DA:287,0
DA:292,0
DA:298,0
DA:306,0
DA:323,0
DA:324,0
DA:325,0
DA:326,0
DA:329,0
DA:330,0
DA:331,0
DA:333,0
DA:335,0
DA:343,0
DA:344,0
DA:345,0
DA:346,0
DA:347,0
DA:350,0
DA:351,0
DA:352,0
DA:354,0
DA:355,0
DA:357,0
DA:358,0
DA:359,0
DA:361,0
DA:369,0
DA:370,0
DA:371,0
DA:372,0
DA:375,0
DA:376,0
DA:377,0
DA:378,0
DA:379,0
DA:380,0
DA:381,0
DA:383,0
DA:384,0
DA:385,0
DA:386,0
DA:388,0
DA:389,0
DA:390,0
DA:391,0
DA:393,0
DA:394,0
DA:395,0
DA:398,0
DA:400,0
DA:401,0
DA:402,0
DA:403,0
DA:406,0
DA:408,0
DA:414,0
LF:169
LH:0
BRDA:11,0,0,0
BRDA:11,0,1,0
BRDA:37,1,0,0
BRDA:37,1,1,0
BRDA:65,2,0,0
BRDA:65,2,1,0
BRDA:67,3,0,0
BRDA:67,3,1,0
BRDA:67,4,0,0
BRDA:67,4,1,0
BRDA:75,5,0,0
BRDA:75,5,1,0
BRDA:77,6,0,0
BRDA:77,6,1,0
BRDA:80,7,0,0
BRDA:80,7,1,0
BRDA:80,8,0,0
BRDA:80,8,1,0
BRDA:91,9,0,0
BRDA:91,9,1,0
BRDA:103,10,0,0
BRDA:103,10,1,0
BRDA:110,11,0,0
BRDA:110,11,1,0
BRDA:114,12,0,0
BRDA:114,12,1,0
BRDA:116,13,0,0
BRDA:116,13,1,0
BRDA:122,14,0,0
BRDA:122,14,1,0
BRDA:122,15,0,0
BRDA:122,15,1,0
BRDA:143,16,0,0
BRDA:143,16,1,0
BRDA:144,17,0,0
BRDA:144,17,1,0
BRDA:145,18,0,0
BRDA:145,18,1,0
BRDA:156,19,0,0
BRDA:156,19,1,0
BRDA:158,20,0,0
BRDA:158,20,1,0
BRDA:158,21,0,0
BRDA:158,21,1,0
BRDA:177,22,0,0
BRDA:177,22,1,0
BRDA:195,23,0,0
BRDA:195,23,1,0
BRDA:197,24,0,0
BRDA:197,24,1,0
BRDA:197,25,0,0
BRDA:197,25,1,0
BRDA:202,26,0,0
BRDA:202,26,1,0
BRDA:203,27,0,0
BRDA:203,27,1,0
BRDA:206,28,0,0
BRDA:206,28,1,0
BRDA:206,29,0,0
BRDA:206,29,1,0
BRDA:213,30,0,0
BRDA:213,30,1,0
BRDA:222,31,0,0
BRDA:222,31,1,0
BRDA:249,32,0,0
BRDA:249,32,1,0
BRDA:275,33,0,0
BRDA:275,34,0,0
BRDA:277,35,0,0
BRDA:277,35,1,0
BRDA:324,36,0,0
BRDA:324,36,1,0
BRDA:325,37,0,0
BRDA:325,37,1,0
BRDA:330,38,0,0
BRDA:330,38,1,0
BRDA:344,39,0,0
BRDA:344,39,1,0
BRDA:346,40,0,0
BRDA:346,40,1,0
BRDA:346,41,0,0
BRDA:346,41,1,0
BRDA:346,41,2,0
BRDA:351,42,0,0
BRDA:351,42,1,0
BRDA:354,43,0,0
BRDA:354,43,1,0
BRDA:354,44,0,0
BRDA:354,44,1,0
BRDA:355,45,0,0
BRDA:355,45,1,0
BRDA:370,46,0,0
BRDA:370,46,1,0
BRDA:371,47,0,0
BRDA:371,47,1,0
BRDA:377,48,0,0
BRDA:377,48,1,0
BRDA:379,49,0,0
BRDA:379,49,1,0
BRDA:379,50,0,0
BRDA:379,50,1,0
BRDA:379,50,2,0
BRDA:384,51,0,0
BRDA:384,51,1,0
BRDA:388,52,0,0
BRDA:388,52,1,0
BRDA:389,53,0,0
BRDA:389,53,1,0
BRF:108
BRH:0
end_of_record
TN:
SF:modules\pharmacy-inventory\controllers\OrderControllers.js
FN:7,(anonymous_0)
FN:21,(anonymous_1)
FN:31,(anonymous_2)
FN:42,(anonymous_3)
FN:56,(anonymous_4)
FN:67,(anonymous_5)
FN:79,(anonymous_6)
FN:88,(anonymous_7)
FN:102,(anonymous_8)
FN:110,(anonymous_9)
FNF:10
FNH:0
FNDA:0,(anonymous_0)
FNDA:0,(anonymous_1)
FNDA:0,(anonymous_2)
FNDA:0,(anonymous_3)
FNDA:0,(anonymous_4)
FNDA:0,(anonymous_5)
FNDA:0,(anonymous_6)
FNDA:0,(anonymous_7)
FNDA:0,(anonymous_8)
FNDA:0,(anonymous_9)
DA:1,0
DA:2,0
DA:3,0
DA:4,0
DA:7,0
DA:8,0
DA:9,0
DA:10,0
DA:11,0
DA:14,0
DA:15,0
DA:16,0
DA:17,0
DA:21,0
DA:22,0
DA:23,0
DA:24,0
DA:26,0
DA:31,0
DA:32,0
DA:33,0
DA:34,0
DA:35,0
DA:37,0
DA:42,0
DA:43,0
DA:44,0
DA:45,0
DA:46,0
DA:48,0
DA:49,0
DA:51,0
DA:56,0
DA:57,0
DA:58,0
DA:59,0
DA:60,0
DA:62,0
DA:67,0
DA:68,0
DA:69,0
DA:70,0
DA:71,0
DA:73,0
DA:79,0
DA:80,0
DA:81,0
DA:82,0
DA:83,0
DA:84,0
DA:86,0
DA:87,0
DA:88,0
DA:89,0
DA:90,0
DA:91,0
DA:92,0
DA:93,0
DA:102,0
DA:103,0
DA:104,0
DA:105,0
DA:106,0
DA:107,0
DA:110,0
DA:111,0
DA:112,0
DA:113,0
DA:114,0
DA:118,0
DA:120,0
DA:124,0
LF:72
LH:0
BRDA:34,0,0,0
BRDA:34,0,1,0
BRDA:45,1,0,0
BRDA:45,1,1,0
BRDA:59,2,0,0
BRDA:59,2,1,0
BRDA:70,3,0,0
BRDA:70,3,1,0
BRDA:81,4,0,0
BRDA:81,4,1,0
BRDA:89,5,0,0
BRDA:89,5,1,0
BRDA:90,6,0,0
BRDA:90,6,1,0
BRDA:91,7,0,0
BRDA:91,7,1,0
BRDA:92,8,0,0
BRDA:92,8,1,0
BRDA:92,9,0,0
BRDA:92,9,1,0
BRDA:94,10,0,0
BRDA:94,10,1,0
BRDA:96,11,0,0
BRDA:96,11,1,0
BRDA:98,12,0,0
BRDA:98,12,1,0
BRDA:103,13,0,0
BRDA:103,13,1,0
BRDA:104,14,0,0
BRDA:104,14,1,0
BRDA:105,15,0,0
BRDA:105,15,1,0
BRDA:106,16,0,0
BRDA:106,16,1,0
BRDA:106,17,0,0
BRDA:106,17,1,0
BRDA:107,18,0,0
BRDA:107,18,1,0
BRDA:107,19,0,0
BRDA:107,19,1,0
BRDA:111,20,0,0
BRDA:111,20,1,0
BRDA:112,21,0,0
BRDA:112,21,1,0
BRDA:113,22,0,0
BRDA:113,22,1,0
BRDA:114,23,0,0
BRDA:114,23,1,0
BRF:48
BRH:0
end_of_record
TN:
SF:modules\pharmacy-inventory\controllers\chemicalController.js
FN:6,(anonymous_0)
FN:16,(anonymous_1)
FN:26,(anonymous_2)
FN:58,(anonymous_3)
FN:91,(anonymous_4)
FN:117,(anonymous_5)
FN:161,(anonymous_6)
FN:194,(anonymous_7)
FN:200,(anonymous_8)
FN:201,(anonymous_9)
FNF:10
FNH:0
FNDA:0,(anonymous_0)
FNDA:0,(anonymous_1)
FNDA:0,(anonymous_2)
FNDA:0,(anonymous_3)
FNDA:0,(anonymous_4)
FNDA:0,(anonymous_5)
FNDA:0,(anonymous_6)
FNDA:0,(anonymous_7)
FNDA:0,(anonymous_8)
FNDA:0,(anonymous_9)
DA:1,0
DA:6,0
DA:7,0
DA:16,0
DA:17,0
DA:18,0
DA:19,0
DA:21,0
DA:24,0
DA:25,0
DA:26,0
DA:27,0
DA:28,0
DA:30,0
DA:31,0
DA:32,0
DA:33,0
DA:34,0
DA:35,0
DA:37,0
DA:41,0
DA:47,0
DA:58,0
DA:59,0
DA:60,0
DA:62,0
DA:63,0
DA:69,0
DA:74,0
DA:75,0
DA:80,0
DA:91,0
DA:92,0
DA:93,0
DA:94,0
DA:99,0
DA:100,0
DA:101,0
DA:106,0
DA:117,0
DA:118,0
DA:119,0
DA:125,0
DA:126,0
DA:132,0
DA:137,0
DA:138,0
DA:139,0
DA:144,0
DA:145,0
DA:150,0
DA:161,0
DA:162,0
DA:163,0
DA:165,0
DA:166,0
DA:172,0
DA:177,0
DA:178,0
DA:183,0
DA:194,0
DA:195,0
DA:196,0
DA:197,0
DA:199,0
DA:200,0
DA:201,0
DA:203,0
DA:212,0
DA:220,0
LF:70
LH:0
BRDA:25,0,0,0
BRDA:25,0,1,0
BRDA:25,1,0,0
BRDA:25,1,1,0
BRDA:27,2,0,0
BRDA:27,2,1,0
BRDA:30,3,0,0
BRDA:30,3,1,0
BRDA:30,4,0,0
BRDA:30,4,1,0
BRDA:31,5,0,0
BRDA:31,5,1,0
BRDA:32,6,0,0
[...]
DA:44,0
DA:47,0
DA:48,0
DA:49,0
DA:52,0
DA:58,0
DA:63,0
DA:68,0
DA:73,0
DA:79,0
DA:93,0
DA:100,0
DA:109,0
DA:118,0
DA:126,0
DA:136,0
DA:142,0
LF:21
LH:0
BRF:0
BRH:0
end_of_record
TN:
SF:modules\workforce-facility\routes\notificationRoutes.js
FNF:0
FNH:0
DA:1,0
DA:2,0
DA:3,0
DA:4,0
DA:7,0
DA:14,0
DA:21,0
DA:28,0
DA:35,0
DA:42,0
DA:49,0
DA:51,0
LF:12
LH:0
BRF:0
BRH:0
end_of_record
TN:
SF:modules\workforce-facility\routes\scheduledMaintenanceRoutes.js
FN:202,(anonymous_0)
FN:242,(anonymous_1)
FN:277,(anonymous_2)
FN:310,(anonymous_3)
FN:351,(anonymous_4)
FN:390,(anonymous_5)
FNF:6
FNH:0
FNDA:0,(anonymous_0)
FNDA:0,(anonymous_1)
FNDA:0,(anonymous_2)
FNDA:0,(anonymous_3)
FNDA:0,(anonymous_4)
FNDA:0,(anonymous_5)
DA:1,0
DA:2,0
DA:13,0
DA:16,0
DA:41,0
DA:60,0
DA:80,0
DA:99,0
DA:109,0
DA:125,0
DA:147,0
DA:159,0
DA:173,0
DA:189,0
DA:202,0
DA:203,0
DA:204,0
DA:206,0
DA:207,0
DA:208,0
DA:210,0
DA:221,0
DA:228,0
DA:242,0
DA:243,0
DA:244,0
DA:246,0
DA:247,0
DA:249,0
DA:256,0
DA:263,0
DA:277,0
DA:278,0
DA:279,0
DA:280,0
DA:282,0
DA:283,0
DA:285,0
DA:287,0
DA:294,0
DA:308,0
DA:311,0
DA:312,0
DA:314,0
DA:316,0
DA:317,0
DA:325,0
DA:327,0
DA:334,0
DA:349,0
DA:352,0
DA:353,0
DA:355,0
DA:358,0
DA:359,0
DA:366,0
DA:373,0
DA:388,0
DA:391,0
DA:392,0
DA:393,0
DA:395,0
DA:397,0
DA:398,0
DA:405,0
DA:406,0
DA:414,0
DA:415,0
DA:416,0
DA:418,0
DA:419,0
DA:422,0
DA:424,0
DA:431,0
DA:441,0
LF:75
LH:0
BRDA:316,0,0,0
BRDA:316,0,1,0
BRDA:358,1,0,0
BRDA:358,1,1,0
BRDA:397,2,0,0
BRDA:397,2,1,0
BRDA:405,3,0,0
BRDA:405,3,1,0
BRDA:418,4,0,0
BRDA:418,4,1,0
BRF:10
BRH:0
end_of_record
TN:
SF:modules\workforce-facility\routes\technicianRoutes.js
FN:18,(anonymous_0)
FN:27,(anonymous_1)
FN:89,(anonymous_2)
FN:118,(anonymous_3)
FN:210,(anonymous_4)
FN:251,(anonymous_5)
FN:326,(anonymous_6)
FN:361,(anonymous_7)
FNF:8
FNH:0
FNDA:0,(anonymous_0)
FNDA:0,(anonymous_1)
FNDA:0,(anonymous_2)
FNDA:0,(anonymous_3)
FNDA:0,(anonymous_4)
FNDA:0,(anonymous_5)
FNDA:0,(anonymous_6)
FNDA:0,(anonymous_7)
DA:8,0
DA:9,0
DA:10,0
DA:11,0
DA:12,0
DA:18,0
DA:19,0
DA:20,0
DA:22,0
DA:27,0
DA:28,0
DA:31,0
DA:32,0
DA:34,0
DA:35,0
DA:36,0
DA:37,0
DA:40,0
DA:60,0
DA:62,0
DA:69,0
DA:70,0
DA:89,0
DA:90,0
DA:91,0
DA:93,0
DA:94,0
DA:100,0
DA:106,0
DA:107,0
DA:118,0
DA:119,0
DA:120,0
DA:121,0
DA:123,0
DA:164,0
DA:166,0
DA:167,0
DA:169,0
DA:171,0
DA:178,0
DA:181,0
DA:182,0
DA:191,0
DA:192,0
DA:199,0
DA:210,0
DA:211,0
DA:212,0
DA:213,0
DA:216,0
DA:251,0
DA:252,0
DA:253,0
DA:257,0
DA:259,0
DA:265,0
DA:266,0
DA:272,0
DA:274,0
DA:281,0
DA:282,0
DA:283,0
DA:286,0
DA:287,0
DA:288,0
DA:297,0
DA:298,0
DA:306,0
DA:307,0
DA:314,0
DA:326,0
DA:327,0
DA:328,0
DA:330,0
DA:332,0
DA:333,0
DA:339,0
DA:341,0
DA:348,0
DA:349,0
DA:361,0
DA:362,0
DA:363,0
DA:364,0
DA:366,0
DA:367,0
DA:375,0
LF:88
LH:0
BRDA:34,0,0,0
BRDA:34,0,1,0
BRDA:34,1,0,0
BRDA:34,1,1,0
BRDA:34,1,2,0
BRDA:36,2,0,0
BRDA:36,2,1,0
BRDA:37,3,0,0
BRDA:37,3,1,0
BRDA:43,4,0,0
BRDA:43,4,1,0
BRDA:44,5,0,0
BRDA:44,5,1,0
BRDA:45,6,0,0
BRDA:45,6,1,0
BRDA:47,7,0,0
BRDA:47,7,1,0
BRDA:48,8,0,0
BRDA:48,8,1,0
BRDA:49,9,0,0
BRDA:49,9,1,0
BRDA:50,10,0,0
BRDA:50,10,1,0
BRDA:52,11,0,0
BRDA:52,11,1,0
BRDA:53,12,0,0
BRDA:53,12,1,0
BRDA:54,13,0,0
BRDA:54,13,1,0
BRDA:55,14,0,0
BRDA:55,14,1,0
BRDA:56,15,0,0
BRDA:56,15,1,0
BRDA:93,16,0,0
BRDA:93,16,1,0
BRDA:130,17,0,0
BRDA:130,17,1,0
BRDA:136,18,0,0
BRDA:136,18,1,0
BRDA:137,19,0,0
BRDA:137,19,1,0
BRDA:140,20,0,0
BRDA:140,20,1,0
BRDA:141,21,0,0
BRDA:141,21,1,0
BRDA:141,22,0,0
BRDA:141,22,1,0
BRDA:141,23,0,0
BRDA:141,23,1,0
BRDA:142,24,0,0
BRDA:142,24,1,0
BRDA:143,25,0,0
BRDA:143,25,1,0
BRDA:144,26,0,0
BRDA:144,26,1,0
BRDA:147,27,0,0
BRDA:147,27,1,0
BRDA:181,28,0,0
BRDA:181,28,1,0
BRDA:191,29,0,0
BRDA:191,29,1,0
BRDA:233,30,0,0
BRDA:233,30,1,0
BRDA:239,31,0,0
BRDA:239,31,1,0
BRDA:252,32,0,0
BRDA:252,32,1,0
BRDA:265,33,0,0
BRDA:265,33,1,0
BRDA:286,34,0,0
BRDA:286,34,1,0
BRDA:297,35,0,0
BRDA:297,35,1,0
BRDA:306,36,0,0
BRDA:306,36,1,0
BRDA:318,37,0,0
BRDA:318,37,1,0
BRDA:332,38,0,0
BRDA:332,38,1,0
BRF:79
BRH:0
end_of_record
TN:
SF:modules\workforce-facility\routes\technicianWorkOrderRoutes.js
FNF:0
FNH:0
DA:1,0
DA:2,0
DA:3,0
DA:4,0
DA:12,0
DA:15,0
DA:18,0
DA:21,0
DA:23,0
LF:9
LH:0
BRF:0
BRH:0
end_of_record
TN:
SF:modules\workforce-facility\routes\userRoutes.js
FN:30,(anonymous_0)
FN:66,(anonymous_1)
FN:96,(anonymous_2)
FN:186,(anonymous_3)
FN:194,(anonymous_4)
FN:247,(anonymous_5)
FNF:6
FNH:0
FNDA:0,(anonymous_0)
FNDA:0,(anonymous_1)
FNDA:0,(anonymous_2)
FNDA:0,(anonymous_3)
FNDA:0,(anonymous_4)
FNDA:0,(anonymous_5)
DA:9,0
DA:10,0
DA:11,0
DA:12,0
DA:13,0
DA:18,0
DA:19,0
DA:20,0
DA:21,0
DA:22,0
DA:23,0
DA:24,0
DA:30,0
DA:31,0
DA:32,0
DA:34,0
DA:35,0
DA:36,0
DA:37,0
DA:40,0
DA:44,0
DA:46,0
DA:54,0
DA:55,0
DA:66,0
DA:67,0
DA:68,0
DA:70,0
DA:71,0
DA:77,0
DA:83,0
DA:84,0
DA:96,0
DA:97,0
DA:98,0
DA:100,0
DA:103,0
DA:104,0
DA:108,0
DA:109,0
DA:113,0
DA:114,0
DA:116,0
DA:117,0
DA:119,0
DA:120,0
DA:121,0
DA:122,0
DA:125,0
DA:129,0
DA:143,0
DA:145,0
DA:147,0
DA:148,0
DA:150,0
DA:157,0
DA:158,0
DA:159,0
DA:162,0
DA:164,0
DA:172,0
DA:173,0
DA:174,0
DA:176,0
DA:177,0
DA:179,0
DA:186,0
DA:187,0
DA:188,0
DA:191,0
DA:192,0
DA:194,0
DA:195,0
DA:196,0
DA:197,0
DA:202,0
DA:203,0
DA:204,0
DA:205,0
DA:207,0
DA:212,0
DA:214,0
DA:215,0
DA:222,0
DA:223,0
DA:226,0
DA:228,0
DA:236,0
DA:237,0
DA:238,0
DA:240,0
DA:247,0
DA:248,0
DA:250,0
DA:252,0
DA:253,0
DA:258,0
DA:265,0
DA:266,0
DA:267,0
DA:269,0
DA:273,0
LF:102
LH:0
BRDA:34,0,0,0
BRDA:34,0,1,0
BRDA:36,1,0,0
BRDA:36,1,1,0
BRDA:50,2,0,0
BRDA:50,2,1,0
BRDA:70,3,0,0
BRDA:70,3,1,0
BRDA:100,4,0,0
BRDA:100,4,1,0
BRDA:103,5,0,0
BRDA:103,5,1,0
BRDA:103,6,0,0
BRDA:103,6,1,0
BRDA:108,7,0,0
BRDA:108,7,1,0
BRDA:108,8,0,0
BRDA:108,8,1,0
BRDA:108,8,2,0
BRDA:114,9,0,0
BRDA:114,9,1,0
BRDA:120,10,0,0
BRDA:120,10,1,0
BRDA:125,11,0,0
BRDA:125,11,1,0
BRDA:138,12,0,0
BRDA:138,12,1,0
BRDA:139,13,0,0
BRDA:139,13,1,0
BRDA:145,14,0,0
BRDA:145,14,1,0
BRDA:157,15,0,0
BRDA:157,15,1,0
BRDA:173,16,0,0
BRDA:173,16,1,0
BRDA:176,17,0,0
BRDA:176,17,1,0
BRDA:194,18,0,0
BRDA:194,18,1,0
BRDA:195,19,0,0
BRDA:195,19,1,0
BRDA:196,20,0,0
BRDA:196,20,1,0
BRDA:202,21,0,0
BRDA:202,21,1,0
BRDA:204,22,0,0
BRDA:204,22,1,0
BRDA:214,23,0,0
BRDA:214,23,1,0
BRDA:222,24,0,0
BRDA:222,24,1,0
BRDA:237,25,0,0
BRDA:237,25,1,0
BRDA:252,26,0,0
BRDA:252,26,1,0
BRDA:266,27,0,0
BRDA:266,27,1,0
BRF:57
BRH:0
end_of_record
TN:
SF:services\UserCreationService.js
FN:81,(anonymous_0)
FN:97,(anonymous_1)
FN:131,(anonymous_2)
FN:152,(anonymous_3)
FN:245,(anonymous_4)
FN:249,(anonymous_5)
FN:340,(anonymous_6)
FN:344,(anonymous_7)
FN:402,(anonymous_8)
FN:406,(anonymous_9)
FN:446,(anonymous_10)
FN:481,(anonymous_11)
FN:490,(anonymous_12)
FNF:13
FNH:0
FNDA:0,(anonymous_0)
FNDA:0,(anonymous_1)
FNDA:0,(anonymous_2)
FNDA:0,(anonymous_3)
FNDA:0,(anonymous_4)
FNDA:0,(anonymous_5)
FNDA:0,(anonymous_6)
FNDA:0,(anonymous_7)
FNDA:0,(anonymous_8)
FNDA:0,(anonymous_9)
FNDA:0,(anonymous_10)
FNDA:0,(anonymous_11)
FNDA:0,(anonymous_12)
DA:1,0
DA:2,0
DA:3,0
DA:4,0
DA:5,0
DA:6,0
DA:7,0
DA:8,0
DA:9,0
DA:10,0
DA:11,0
DA:24,0
DA:82,0
DA:83,0
DA:84,0
DA:87,0
DA:90,0
DA:96,0
DA:97,0
DA:98,0
DA:99,0
DA:101,0
DA:103,0
DA:104,0
DA:105,0
DA:109,0
DA:110,0
DA:111,0
DA:117,0
DA:119,0
DA:120,0
DA:122,0
DA:132,0
DA:143,0
DA:153,0
DA:154,0
DA:162,0
DA:164,0
DA:170,0
DA:179,0
DA:188,0
DA:197,0
DA:206,0
DA:214,0
DA:223,0
DA:236,0
DA:246,0
DA:248,0
DA:249,0
DA:253,0
DA:254,0
DA:256,0
DA:257,0
DA:262,0
DA:265,0
DA:266,0
DA:268,0
DA:269,0
DA:271,0
DA:275,0
DA:276,0
DA:279,0
DA:280,0
DA:284,0
DA:288,0
DA:290,0
DA:293,0
DA:294,0
DA:295,0
DA:296,0
DA:305,0
DA:306,0
DA:309,0
DA:310,0
DA:311,0
DA:312,0
DA:314,0
DA:316,0
DA:324,0
DA:327,0
DA:328,0
DA:330,0
DA:341,0
DA:343,0
DA:344,0
DA:346,0
DA:352,0
DA:353,0
DA:357,0
DA:358,0
DA:359,0
DA:360,0
DA:370,0
DA:371,0
DA:379,0
DA:387,0
DA:390,0
DA:391,0
DA:393,0
DA:403,0
DA:405,0
DA:406,0
DA:408,0
DA:409,0
DA:410,0
DA:414,0
DA:415,0
DA:416,0
DA:417,0
DA:418,0
DA:422,0
DA:423,0
DA:425,0
DA:431,0
DA:434,0
DA:435,0
DA:437,0
DA:447,0
DA:448,0
DA:449,0
DA:450,0
DA:453,0
DA:454,0
DA:455,0
DA:462,0
DA:463,0
DA:465,0
DA:472,0
DA:473,0
DA:482,0
DA:491,0
DA:495,0
LF:132
LH:0
BRDA:81,0,0,0
BRDA:83,1,0,0
BRDA:83,1,1,0
BRDA:101,2,0,0
BRDA:101,2,1,0
BRDA:104,3,0,0
BRDA:104,3,1,0
BRDA:110,4,0,0
BRDA:110,4,1,0
BRDA:119,5,0,0
BRDA:119,5,1,0
BRDA:162,6,0,0
BRDA:162,6,1,0
BRDA:162,6,2,0
BRDA:162,6,3,0
BRDA:162,6,4,0
BRDA:162,6,5,0
BRDA:162,6,6,0
BRDA:162,6,7,0
BRDA:162,6,8,0
BRDA:175,7,0,0
BRDA:175,7,1,0
BRDA:182,8,0,0
BRDA:182,8,1,0
BRDA:225,9,0,0
BRDA:225,9,1,0
BRDA:226,10,0,0
BRDA:226,10,1,0
BRDA:266,11,0,0
BRDA:266,11,1,0
BRDA:268,12,0,0
BRDA:268,12,1,0
BRDA:279,13,0,0
BRDA:279,13,1,0
BRDA:294,14,0,0
BRDA:294,14,1,0
BRDA:352,15,0,0
BRDA:352,15,1,0
BRDA:358,16,0,0
BRDA:358,16,1,0
BRDA:409,17,0,0
BRDA:409,17,1,0
BRDA:415,18,0,0
BRDA:415,18,1,0
BRDA:449,19,0,0
BRDA:449,19,1,0
BRDA:454,20,0,0
BRDA:454,20,1,0
BRF:48
BRH:0
end_of_record
TN:
SF:services\equipmentStatusService.js
FN:17,(anonymous_0)
FN:46,(anonymous_1)
FN:75,(anonymous_2)
FN:120,(anonymous_3)
FN:125,(anonymous_4)
FN:136,(anonymous_5)
FNF:6
FNH:0
FNDA:0,(anonymous_0)
FNDA:0,(anonymous_1)
FNDA:0,(anonymous_2)
FNDA:0,(anonymous_3)
FNDA:0,(anonymous_4)
FNDA:0,(anonymous_5)
DA:1,0
DA:2,0
DA:3,0
DA:4,0
DA:17,0
DA:18,0
DA:19,0
DA:22,0
DA:23,0
DA:24,0
DA:28,0
DA:37,0
DA:39,0
DA:46,0
DA:47,0
DA:48,0
DA:50,0
DA:51,0
DA:52,0
DA:56,0
DA:65,0
DA:67,0
DA:75,0
DA:76,0
DA:77,0
DA:78,0
DA:80,0
DA:81,0
DA:84,0
DA:92,0
DA:95,0
DA:96,0
DA:97,0
DA:100,0
DA:101,0
DA:107,0
DA:112,0
DA:120,0
DA:122,0
DA:125,0
DA:126,0
DA:127,0
DA:130,0
DA:136,0
DA:137,0
DA:138,0
DA:141,0
DA:142,0
DA:146,0
DA:147,0
DA:149,0
DA:150,0
DA:152,0
DA:153,0
DA:155,0
DA:156,0
DA:162,0
DA:168,0
DA:173,0
DA:174,0
DA:178,0
LF:61
LH:0
BRDA:22,0,0,0
BRDA:22,0,1,0
BRDA:22,1,0,0
BRDA:22,1,1,0
BRDA:50,2,0,0
BRDA:50,2,1,0
BRDA:96,3,0,0
BRDA:96,3,1,0
BRDA:100,4,0,0
BRDA:100,4,1,0
BRDA:100,5,0,0
BRDA:100,5,1,0
BRDA:141,6,0,0
BRDA:141,6,1,0
BRDA:141,7,0,0
BRDA:141,7,1,0
BRDA:155,8,0,0
BRDA:155,8,1,0
BRDA:155,9,0,0
BRDA:155,9,1,0
BRF:20
BRH:0
end_of_record
TN:
SF:services\maintenanceSchedulerService.js
FN:20,processDueMaintenance
FN:102,sendMaintenanceStartNotification
FN:106,(anonymous_2)
FN:131,initializeMaintenanceScheduler
FN:136,(anonymous_4)
FN:139,(anonymous_5)
FN:145,(anonymous_6)
FN:166,manualMaintenanceCheck
FNF:8
FNH:0
FNDA:0,processDueMaintenance
FNDA:0,sendMaintenanceStartNotification
FNDA:0,(anonymous_2)
FNDA:0,initializeMaintenanceScheduler
FNDA:0,(anonymous_4)
FNDA:0,(anonymous_5)
FNDA:0,(anonymous_6)
FNDA:0,manualMaintenanceCheck
DA:12,0
DA:13,0
DA:14,0
DA:15,0
DA:21,0
DA:22,0
DA:25,0
DA:26,0
DA:29,0
DA:30,0
DA:35,0
DA:42,0
DA:44,0
DA:45,0
DA:48,0
DA:49,0
DA:52,0
DA:53,0
DA:55,0
DA:56,0
DA:57,0
DA:61,0
DA:62,0
DA:63,0
DA:71,0
DA:72,0
DA:77,0
DA:80,0
DA:81,0
DA:85,0
DA:87,0
DA:94,0
DA:95,0
DA:103,0
DA:105,0
DA:106,0
DA:110,0
DA:113,0
DA:119,0
DA:122,0
DA:132,0
DA:135,0
DA:137,0
DA:140,0
DA:145,0
DA:146,0
DA:147,0
DA:148,0
DA:149,0
DA:151,0
DA:158,0
DA:160,0
DA:167,0
DA:168,0
DA:171,0
LF:55
LH:0
BRDA:44,0,0,0
BRDA:44,0,1,0
BRDA:55,1,0,0
BRDA:55,1,1,0
BRDA:55,2,0,0
BRDA:55,2,1,0
BRDA:62,3,0,0
BRDA:62,3,1,0
BRDA:106,4,0,0
BRDA:106,4,1,0
BRF:10
BRH:0
end_of_record
TN:
SF:services\notificationService.js
FN:12,(anonymous_0)
FN:17,(anonymous_1)
FN:27,(anonymous_2)
FN:43,(anonymous_3)
FN:92,(anonymous_4)
FN:141,(anonymous_5)
FN:178,(anonymous_6)
FN:210,(anonymous_7)
FN:241,(anonymous_8)
FN:272,(anonymous_9)
FN:307,(anonymous_10)
FN:338,(anonymous_11)
FN:374,(anonymous_12)
FN:409,(anonymous_13)
FN:446,(anonymous_14)
FN:481,(anonymous_15)
FN:543,(anonymous_16)
FNF:17
FNH:0
FNDA:0,(anonymous_0)
FNDA:0,(anonymous_1)
FNDA:0,(anonymous_2)
FNDA:0,(anonymous_3)
FNDA:0,(anonymous_4)
FNDA:0,(anonymous_5)
FNDA:0,(anonymous_6)
FNDA:0,(anonymous_7)
FNDA:0,(anonymous_8)
FNDA:0,(anonymous_9)
FNDA:0,(anonymous_10)
FNDA:0,(anonymous_11)
FNDA:0,(anonymous_12)
FNDA:0,(anonymous_13)
FNDA:0,(anonymous_14)
FNDA:0,(anonymous_15)
FNDA:0,(anonymous_16)
DA:1,0
DA:2,0
DA:12,0
DA:13,0
DA:14,0
DA:15,0
DA:16,0
DA:17,0
DA:19,0
DA:20,0
DA:27,0
DA:28,0
DA:29,0
DA:30,0
DA:31,0
DA:33,0
DA:35,0
DA:36,0
DA:43,0
DA:44,0
DA:45,0
DA:46,0
DA:48,0
DA:49,0
DA:50,0
DA:53,0
DA:56,0
DA:59,0
DA:61,0
DA:63,0
DA:82,0
DA:84,0
DA:85,0
DA:92,0
DA:93,0
DA:94,0
DA:95,0
DA:97,0
DA:98,0
DA:99,0
DA:102,0
DA:105,0
DA:108,0
DA:110,0
DA:112,0
DA:131,0
DA:133,0
DA:134,0
DA:141,0
DA:142,0
DA:144,0
DA:147,0
DA:149,0
DA:151,0
DA:153,0
DA:171,0
DA:178,0
DA:179,0
DA:180,0
DA:182,0
DA:184,0
DA:203,0
DA:210,0
DA:211,0
DA:212,0
DA:214,0
DA:216,0
DA:234,0
DA:241,0
DA:242,0
DA:243,0
DA:245,0
DA:247,0
DA:265,0
DA:272,0
DA:273,0
DA:274,0
DA:275,0
DA:276,0
DA:278,0
DA:280,0
DA:282,0
DA:300,0
DA:307,0
DA:308,0
DA:309,0
DA:311,0
DA:313,0
DA:331,0
DA:338,0
DA:339,0
DA:340,0
DA:343,0
DA:344,0
DA:345,0
DA:348,0
DA:350,0
DA:367,0
DA:374,0
DA:375,0
DA:376,0
DA:378,0
DA:379,0
DA:380,0
DA:383,0
DA:385,0
DA:402,0
DA:409,0
DA:410,0
DA:411,0
DA:413,0
DA:416,0
DA:420,0
DA:437,0
DA:439,0
DA:446,0
DA:447,0
DA:448,0
DA:450,0
DA:451,0
DA:452,0
DA:455,0
DA:457,0
DA:474,0
DA:481,0
DA:482,0
DA:483,0
DA:486,0
DA:487,0
DA:488,0
DA:491,0
DA:494,0
DA:495,0
DA:497,0
DA:498,0
DA:499,0
DA:500,0
DA:501,0
DA:502,0
DA:503,0
DA:504,0
DA:505,0
DA:509,0
DA:515,0
DA:533,0
DA:535,0
DA:543,0
DA:544,0
DA:545,0
DA:548,0
DA:551,0
DA:552,0
DA:553,0
DA:554,0
DA:557,0
DA:558,0
DA:559,0
DA:562,0
DA:566,0
DA:584,0
DA:586,0
DA:590,0
LF:162
LH:0
BRDA:30,0,0,0
BRDA:30,0,1,0
BRDA:45,1,0,0
BRDA:45,1,1,0
BRDA:48,2,0,0
BRDA:48,2,1,0
BRDA:56,3,0,0
BRDA:56,3,1,0
BRDA:56,3,2,0
BRDA:59,4,0,0
BRDA:59,4,1,0
BRDA:67,5,0,0
BRDA:67,5,1,0
BRDA:73,6,0,0
BRDA:73,6,1,0
BRDA:73,7,0,0
BRDA:73,7,1,0
BRDA:75,8,0,0
BRDA:75,8,1,0
BRDA:94,9,0,0
BRDA:94,9,1,0
BRDA:97,10,0,0
BRDA:97,10,1,0
BRDA:105,11,0,0
BRDA:105,11,1,0
BRDA:105,11,2,0
BRDA:108,12,0,0
BRDA:108,12,1,0
BRDA:116,13,0,0
BRDA:116,13,1,0
BRDA:124,14,0,0
BRDA:124,14,1,0
BRDA:151,15,0,0
BRDA:151,15,1,0
BRDA:157,16,0,0
BRDA:157,16,1,0
BRDA:182,17,0,0
BRDA:182,17,1,0
BRDA:188,18,0,0
BRDA:188,18,1,0
BRDA:214,19,0,0
BRDA:214,19,1,0
BRDA:220,20,0,0
BRDA:220,20,1,0
BRDA:241,21,0,0
BRDA:245,22,0,0
BRDA:245,22,1,0
BRDA:251,23,0,0
BRDA:251,23,1,0
BRDA:253,24,0,0
BRDA:253,24,1,0
BRDA:261,25,0,0
BRDA:261,25,1,0
BRDA:280,26,0,0
BRDA:280,26,1,0
BRDA:296,27,0,0
BRDA:296,27,1,0
BRDA:311,28,0,0
BRDA:311,28,1,0
BRDA:343,29,0,0
BRDA:343,29,1,0
BRDA:348,30,0,0
BRDA:348,30,1,0
BRDA:378,31,0,0
BRDA:378,31,1,0
BRDA:383,32,0,0
BRDA:383,32,1,0
BRDA:413,33,0,0
BRDA:413,33,1,0
BRDA:416,34,0,0
BRDA:416,34,1,0
BRDA:417,35,0,0
BRDA:417,35,1,0
BRDA:417,35,2,0
BRDA:424,36,0,0
BRDA:424,36,1,0
BRDA:432,37,0,0
BRDA:432,37,1,0
BRDA:450,38,0,0
BRDA:450,38,1,0
BRDA:455,39,0,0
BRDA:455,39,1,0
BRDA:486,40,0,0
BRDA:486,40,1,0
BRDA:487,41,0,0
BRDA:487,41,1,0
BRDA:491,42,0,0
BRDA:491,42,1,0
BRDA:497,43,0,0
BRDA:497,43,1,0
BRDA:500,44,0,0
BRDA:500,44,1,0
BRDA:503,45,0,0
BRDA:503,45,1,0
BRDA:509,46,0,0
BRDA:509,46,1,0
BRDA:510,47,0,0
BRDA:510,47,1,0
BRDA:512,48,0,0
BRDA:512,48,1,0
BRDA:512,48,2,0
BRDA:519,49,0,0
BRDA:519,49,1,0
BRDA:527,50,0,0
BRDA:527,50,1,0
BRDA:552,51,0,0
BRDA:552,51,1,0
BRDA:552,52,0,0
BRDA:552,52,1,0
BRDA:557,53,0,0
BRDA:557,53,1,0
BRDA:562,54,0,0
BRDA:562,54,1,0
BRDA:579,55,0,0
BRDA:579,55,1,0
BRF:115
BRH:0
end_of_record
TN:
SF:utils\authTestUtils.js
FN:11,(anonymous_0)
FNF:1
FNH:0
FNDA:0,(anonymous_0)
DA:8,0
DA:9,0
DA:11,0
DA:12,0
DA:14,0
DA:16,0
DA:17,0
DA:18,0
DA:20,0
DA:21,0
DA:23,0
DA:24,0
DA:25,0
DA:28,0
DA:29,0
DA:30,0
DA:32,0
DA:33,0
DA:35,0
DA:36,0
DA:38,0
DA:39,0
DA:40,0
DA:43,0
DA:44,0
DA:51,0
DA:52,0
DA:59,0
DA:60,0
DA:62,0
DA:69,0
DA:74,0
DA:77,0
DA:78,0
DA:79,0
DA:80,0
DA:82,0
DA:85,0
DA:86,0
DA:87,0
DA:89,0
DA:90,0
DA:93,0
DA:98,0
DA:99,0
DA:102,0
LF:46
LH:0
BRDA:98,0,0,0
BRDA:98,0,1,0
BRF:2
BRH:0
end_of_record
TN:
SF:utils\dashboardCache.js
FN:10,(anonymous_0)
FN:22,(anonymous_1)
FN:30,(anonymous_2)
FN:57,(anonymous_3)
FN:79,(anonymous_4)
FN:92,(anonymous_5)
FN:103,(anonymous_6)
FN:119,(anonymous_7)
FN:139,(anonymous_8)
FN:160,(anonymous_9)
FN:173,(anonymous_10)
FN:179,(anonymous_11)
FN:187,(anonymous_12)
FN:198,(anonymous_13)
FN:213,(anonymous_14)
FN:217,(anonymous_15)
FN:230,(anonymous_16)
FN:236,(anonymous_17)
FNF:18
FNH:0
FNDA:0,(anonymous_0)
FNDA:0,(anonymous_1)
FNDA:0,(anonymous_2)
FNDA:0,(anonymous_3)
FNDA:0,(anonymous_4)
FNDA:0,(anonymous_5)
FNDA:0,(anonymous_6)
FNDA:0,(anonymous_7)
FNDA:0,(anonymous_8)
FNDA:0,(anonymous_9)
FNDA:0,(anonymous_10)
FNDA:0,(anonymous_11)
FNDA:0,(anonymous_12)
FNDA:0,(anonymous_13)
FNDA:0,(anonymous_14)
FNDA:0,(anonymous_15)
FNDA:0,(anonymous_16)
FNDA:0,(anonymous_17)
DA:11,0
DA:12,0
DA:13,0
DA:14,0
DA:22,0
DA:24,0
DA:31,0
DA:33,0
DA:34,0
DA:35,0
DA:39,0
DA:40,0
DA:41,0
DA:42,0
DA:43,0
DA:47,0
DA:48,0
DA:50,0
DA:51,0
DA:59,0
DA:60,0
DA:63,0
DA:70,0
DA:71,0
DA:73,0
DA:80,0
DA:81,0
DA:82,0
DA:83,0
DA:84,0
DA:86,0
DA:93,0
DA:94,0
DA:95,0
DA:96,0
DA:97,0
DA:104,0
DA:108,0
DA:120,0
DA:121,0
DA:123,0
DA:124,0
DA:125,0
DA:126,0
DA:130,0
DA:131,0
DA:132,0
DA:140,0
DA:141,0
DA:143,0
DA:144,0
DA:145,0
DA:146,0
DA:150,0
DA:151,0
DA:152,0
DA:153,0
DA:161,0
DA:162,0
DA:167,0
DA:174,0
DA:175,0
DA:176,0
DA:179,0
DA:181,0
DA:188,0
DA:189,0
DA:191,0
DA:192,0
DA:195,0
DA:198,0
DA:199,0
DA:202,0
DA:203,0
DA:204,0
DA:207,0
DA:214,0
DA:215,0
DA:216,0
DA:217,0
DA:219,0
DA:231,0
DA:232,0
DA:233,0
DA:235,0
DA:236,0
DA:238,0
DA:239,0
DA:240,0
DA:242,0
DA:246,0
DA:247,0
DA:253,0
DA:255,0
LF:94
LH:0
BRDA:33,0,0,0
BRDA:33,0,1,0
BRDA:39,1,0,0
BRDA:39,1,1,0
BRDA:57,2,0,0
BRDA:59,3,0,0
BRDA:59,3,1,0
BRDA:81,4,0,0
BRDA:81,4,1,0
BRDA:104,5,0,0
BRDA:104,5,1,0
BRDA:124,6,0,0
BRDA:124,6,1,0
BRDA:130,7,0,0
BRDA:130,7,1,0
BRDA:144,8,0,0
BRDA:144,8,1,0
BRDA:150,9,0,0
BRDA:150,9,1,0
BRDA:191,10,0,0
BRDA:191,10,1,0
BRDA:202,11,0,0
BRDA:202,11,1,0
BRDA:216,12,0,0
BRDA:216,12,1,0
BRDA:238,13,0,0
BRDA:238,13,1,0
BRDA:246,14,0,0
BRDA:246,14,1,0
BRF:29
BRH:0
end_of_record
TN:
SF:utils\passwordUtils.js
FN:20,(anonymous_0)
FN:53,(anonymous_1)
FN:77,(anonymous_2)
FN:96,(anonymous_3)
FN:114,(anonymous_4)
FNF:5
FNH:3
FNDA:6,(anonymous_0)
FNDA:6,(anonymous_1)
FNDA:4,(anonymous_2)
FNDA:0,(anonymous_3)
FNDA:0,(anonymous_4)
DA:1,3
DA:11,3
DA:13,3
DA:20,3
DA:21,6
DA:22,1
DA:28,5
DA:29,0
DA:35,5
DA:36,1
DA:42,4
DA:53,3
DA:54,6
DA:56,6
DA:57,6
DA:58,2
DA:62,4
DA:63,4
DA:64,4
DA:66,2
DA:67,2
DA:77,3
DA:78,4
DA:79,4
DA:80,1
DA:83,3
DA:84,3
DA:85,3
DA:87,0
DA:88,0
DA:96,3
DA:97,0
DA:98,0
DA:99,0
DA:102,0
DA:103,0
DA:104,0
DA:105,0
DA:108,0
DA:109,0
DA:110,0
DA:114,0
DA:117,3
LF:43
LH:29
BRDA:21,0,0,1
BRDA:21,0,1,5
BRDA:28,1,0,0
BRDA:28,1,1,5
BRDA:35,2,0,1
BRDA:35,2,1,4
BRDA:57,3,0,2
BRDA:57,3,1,4
BRDA:79,4,0,1
BRDA:79,4,1,3
BRDA:79,5,0,4
BRDA:79,5,1,3
BRDA:84,6,0,1
BRDA:84,6,1,2
BRF:14
BRH:13
end_of_record
TN:
SF:utils\tokenUtils.js
FN:24,(anonymous_0)
FN:53,(anonymous_1)
FN:82,(anonymous_2)
FN:118,(anonymous_3)
FN:153,(anonymous_4)
FN:176,(anonymous_5)
FN:195,(anonymous_6)
FNF:7
FNH:0
FNDA:0,(anonymous_0)
FNDA:0,(anonymous_1)
FNDA:0,(anonymous_2)
FNDA:0,(anonymous_3)
FNDA:0,(anonymous_4)
FNDA:0,(anonymous_5)
FNDA:0,(anonymous_6)
DA:1,0
DA:2,0
DA:12,0
DA:13,0
DA:16,0
DA:17,0
DA:24,0
DA:25,0
DA:26,0
DA:34,0
DA:40,0
DA:41,0
DA:43,0
DA:44,0
DA:53,0
DA:54,0
DA:55,0
DA:63,0
DA:69,0
DA:70,0
DA:72,0
DA:73,0
DA:82,0
DA:83,0
DA:84,0
DA:85,0
DA:88,0
DA:93,0
DA:94,0
DA:97,0
DA:98,0
DA:100,0
DA:103,0
DA:104,0
DA:105,0
DA:106,0
DA:108,0
DA:118,0
DA:119,0
DA:120,0
DA:121,0
DA:124,0
DA:129,0
DA:130,0
DA:133,0
DA:134,0
DA:136,0
DA:138,0
DA:139,0
DA:140,0
DA:141,0
DA:143,0
DA:153,0
DA:154,0
DA:155,0
DA:156,0
DA:158,0
DA:160,0
DA:166,0
DA:167,0
DA:176,0
DA:177,0
DA:179,0
DA:180,0
DA:183,0
DA:184,0
DA:187,0
DA:195,0
DA:196,0
DA:197,0
DA:199,0
DA:200,0
DA:204,0
LF:73
LH:0
BRDA:16,0,0,0
BRDA:16,0,1,0
BRDA:17,1,0,0
BRDA:17,1,1,0
BRDA:27,2,0,0
BRDA:27,2,1,0
BRDA:56,3,0,0
BRDA:56,3,1,0
BRDA:84,4,0,0
BRDA:84,4,1,0
BRDA:93,5,0,0
BRDA:93,5,1,0
BRDA:103,6,0,0
BRDA:103,6,1,0
BRDA:105,7,0,0
BRDA:105,7,1,0
BRDA:120,8,0,0
BRDA:120,8,1,0
BRDA:129,9,0,0
BRDA:129,9,1,0
BRDA:138,10,0,0
BRDA:138,10,1,0
BRDA:140,11,0,0
BRDA:140,11,1,0
BRDA:179,12,0,0
BRDA:179,12,1,0
BRDA:183,13,0,0
BRDA:183,13,1,0
BRF:28
BRH:0
end_of_record
